running egg_info
creating ../../build/image_pubsub/image_pubsub.egg-info
writing ../../build/image_pubsub/image_pubsub.egg-info/PKG-INFO
writing dependency_links to ../../build/image_pubsub/image_pubsub.egg-info/dependency_links.txt
writing entry points to ../../build/image_pubsub/image_pubsub.egg-info/entry_points.txt
writing requirements to ../../build/image_pubsub/image_pubsub.egg-info/requires.txt
writing top-level names to ../../build/image_pubsub/image_pubsub.egg-info/top_level.txt
writing manifest file '../../build/image_pubsub/image_pubsub.egg-info/SOURCES.txt'
reading manifest file '../../build/image_pubsub/image_pubsub.egg-info/SOURCES.txt'
writing manifest file '../../build/image_pubsub/image_pubsub.egg-info/SOURCES.txt'
running build
running build_py
creating /home/yahya/Documents/yahyagoorakaniTA/ros2_ws/build/image_pubsub/build
creating /home/yahya/Documents/yahyagoorakaniTA/ros2_ws/build/image_pubsub/build/lib
creating /home/yahya/Documents/yahyagoorakaniTA/ros2_ws/build/image_pubsub/build/lib/image_pubsub
copying image_pubsub/__init__.py -> /home/yahya/Documents/yahyagoorakaniTA/ros2_ws/build/image_pubsub/build/lib/image_pubsub
running install
running install_lib
creating /home/yahya/Documents/yahyagoorakaniTA/ros2_ws/install/image_pubsub/lib/python3.10/site-packages/image_pubsub
copying /home/yahya/Documents/yahyagoorakaniTA/ros2_ws/build/image_pubsub/build/lib/image_pubsub/__init__.py -> /home/yahya/Documents/yahyagoorakaniTA/ros2_ws/install/image_pubsub/lib/python3.10/site-packages/image_pubsub
byte-compiling /home/yahya/Documents/yahyagoorakaniTA/ros2_ws/install/image_pubsub/lib/python3.10/site-packages/image_pubsub/__init__.py to __init__.cpython-310.pyc
running install_data
creating /home/yahya/Documents/yahyagoorakaniTA/ros2_ws/install/image_pubsub/share/ament_index
creating /home/yahya/Documents/yahyagoorakaniTA/ros2_ws/install/image_pubsub/share/ament_index/resource_index
creating /home/yahya/Documents/yahyagoorakaniTA/ros2_ws/install/image_pubsub/share/ament_index/resource_index/packages
copying resource/image_pubsub -> /home/yahya/Documents/yahyagoorakaniTA/ros2_ws/install/image_pubsub/share/ament_index/resource_index/packages
copying package.xml -> /home/yahya/Documents/yahyagoorakaniTA/ros2_ws/install/image_pubsub/share/image_pubsub
running install_egg_info
Copying ../../build/image_pubsub/image_pubsub.egg-info to /home/yahya/Documents/yahyagoorakaniTA/ros2_ws/install/image_pubsub/lib/python3.10/site-packages/image_pubsub-0.0.0-py3.10.egg-info
running install_scripts
writing list of installed files to '/home/yahya/Documents/yahyagoorakaniTA/ros2_ws/build/image_pubsub/install.log'
