-- Found ament_cmake: 1.3.2 (/opt/ros/humble/share/ament_cmake/cmake)
-- Found ament_lint_auto: 0.12.4 (/opt/ros/humble/share/ament_lint_auto/cmake)
-- Added test 'cppcheck' to perform static code analysis on C / C++ code
-- Configured cppcheck include dirs: 
-- Configured cppcheck exclude dirs and/or files: 
-- Added test 'lint_cmake' to check CMake code style
-- Added test 'uncrustify' to check C / C++ code style
-- Configured uncrustify additional arguments: 
-- Added test 'xmllint' to check XML markup files
-- Configuring done
-- Generating done
-- Build files have been written to: /home/yahya/Documents/C-Codes/ROS2/catkin_ws/build/yahya
-- Install configuration: ""
-- Up-to-date: /home/yahya/Documents/C-Codes/ROS2/catkin_ws/install/yahya/share/ament_index/resource_index/package_run_dependencies/yahya
-- Up-to-date: /home/yahya/Documents/C-Codes/ROS2/catkin_ws/install/yahya/share/ament_index/resource_index/parent_prefix_path/yahya
-- Up-to-date: /home/yahya/Documents/C-Codes/ROS2/catkin_ws/install/yahya/share/yahya/environment/ament_prefix_path.sh
-- Installing: /home/yahya/Documents/C-Codes/ROS2/catkin_ws/install/yahya/share/yahya/environment/ament_prefix_path.dsv
-- Up-to-date: /home/yahya/Documents/C-Codes/ROS2/catkin_ws/install/yahya/share/yahya/environment/path.sh
-- Installing: /home/yahya/Documents/C-Codes/ROS2/catkin_ws/install/yahya/share/yahya/environment/path.dsv
-- Up-to-date: /home/yahya/Documents/C-Codes/ROS2/catkin_ws/install/yahya/share/yahya/local_setup.bash
-- Up-to-date: /home/yahya/Documents/C-Codes/ROS2/catkin_ws/install/yahya/share/yahya/local_setup.sh
-- Up-to-date: /home/yahya/Documents/C-Codes/ROS2/catkin_ws/install/yahya/share/yahya/local_setup.zsh
-- Installing: /home/yahya/Documents/C-Codes/ROS2/catkin_ws/install/yahya/share/yahya/local_setup.dsv
-- Installing: /home/yahya/Documents/C-Codes/ROS2/catkin_ws/install/yahya/share/yahya/package.dsv
-- Up-to-date: /home/yahya/Documents/C-Codes/ROS2/catkin_ws/install/yahya/share/ament_index/resource_index/packages/yahya
-- Up-to-date: /home/yahya/Documents/C-Codes/ROS2/catkin_ws/install/yahya/share/yahya/cmake/yahyaConfig.cmake
-- Up-to-date: /home/yahya/Documents/C-Codes/ROS2/catkin_ws/install/yahya/share/yahya/cmake/yahyaConfig-version.cmake
-- Up-to-date: /home/yahya/Documents/C-Codes/ROS2/catkin_ws/install/yahya/share/yahya/package.xml
