[0.028s] Invoking command in '/home/yahya/Documents/C-Codes/ROS2/catkin_ws/build/yahya': CMAKE_PREFIX_PATH=/opt/ros/humble /usr/bin/cmake --build /home/yahya/Documents/C-Codes/ROS2/catkin_ws/build/yahya -- -j4 -l4
[0.055s] -- Found ament_cmake: 1.3.2 (/opt/ros/humble/share/ament_cmake/cmake)
[0.242s] -- Found ament_lint_auto: 0.12.4 (/opt/ros/humble/share/ament_lint_auto/cmake)
[0.335s] -- Added test 'cppcheck' to perform static code analysis on C / C++ code
[0.335s] -- Configured cppcheck include dirs: 
[0.335s] -- Configured cppcheck exclude dirs and/or files: 
[0.336s] -- Added test 'lint_cmake' to check CMake code style
[0.337s] -- Added test 'uncrustify' to check C / C++ code style
[0.338s] -- Configured uncrustify additional arguments: 
[0.338s] -- Added test 'xmllint' to check XML markup files
[0.339s] -- Configuring done
[0.343s] -- Generating done
[0.344s] -- Build files have been written to: /home/yahya/Documents/C-Codes/ROS2/catkin_ws/build/yahya
[0.368s] Invoked command in '/home/yahya/Documents/C-Codes/ROS2/catkin_ws/build/yahya' returned '0': CMAKE_PREFIX_PATH=/opt/ros/humble /usr/bin/cmake --build /home/yahya/Documents/C-Codes/ROS2/catkin_ws/build/yahya -- -j4 -l4
[0.400s] Invoking command in '/home/yahya/Documents/C-Codes/ROS2/catkin_ws/build/yahya': CMAKE_PREFIX_PATH=/opt/ros/humble /usr/bin/cmake --install /home/yahya/Documents/C-Codes/ROS2/catkin_ws/build/yahya
[0.411s] -- Install configuration: ""
[0.412s] -- Up-to-date: /home/yahya/Documents/C-Codes/ROS2/catkin_ws/install/yahya/share/ament_index/resource_index/package_run_dependencies/yahya
[0.412s] -- Up-to-date: /home/yahya/Documents/C-Codes/ROS2/catkin_ws/install/yahya/share/ament_index/resource_index/parent_prefix_path/yahya
[0.412s] -- Up-to-date: /home/yahya/Documents/C-Codes/ROS2/catkin_ws/install/yahya/share/yahya/environment/ament_prefix_path.sh
[0.413s] -- Installing: /home/yahya/Documents/C-Codes/ROS2/catkin_ws/install/yahya/share/yahya/environment/ament_prefix_path.dsv
[0.413s] -- Up-to-date: /home/yahya/Documents/C-Codes/ROS2/catkin_ws/install/yahya/share/yahya/environment/path.sh
[0.413s] -- Installing: /home/yahya/Documents/C-Codes/ROS2/catkin_ws/install/yahya/share/yahya/environment/path.dsv
[0.413s] -- Up-to-date: /home/yahya/Documents/C-Codes/ROS2/catkin_ws/install/yahya/share/yahya/local_setup.bash
[0.414s] -- Up-to-date: /home/yahya/Documents/C-Codes/ROS2/catkin_ws/install/yahya/share/yahya/local_setup.sh
[0.414s] -- Up-to-date: /home/yahya/Documents/C-Codes/ROS2/catkin_ws/install/yahya/share/yahya/local_setup.zsh
[0.414s] -- Installing: /home/yahya/Documents/C-Codes/ROS2/catkin_ws/install/yahya/share/yahya/local_setup.dsv
[0.414s] -- Installing: /home/yahya/Documents/C-Codes/ROS2/catkin_ws/install/yahya/share/yahya/package.dsv
[0.414s] -- Up-to-date: /home/yahya/Documents/C-Codes/ROS2/catkin_ws/install/yahya/share/ament_index/resource_index/packages/yahya
[0.414s] -- Up-to-date: /home/yahya/Documents/C-Codes/ROS2/catkin_ws/install/yahya/share/yahya/cmake/yahyaConfig.cmake
[0.414s] -- Up-to-date: /home/yahya/Documents/C-Codes/ROS2/catkin_ws/install/yahya/share/yahya/cmake/yahyaConfig-version.cmake
[0.415s] -- Up-to-date: /home/yahya/Documents/C-Codes/ROS2/catkin_ws/install/yahya/share/yahya/package.xml
[0.417s] Invoked command in '/home/yahya/Documents/C-Codes/ROS2/catkin_ws/build/yahya' returned '0': CMAKE_PREFIX_PATH=/opt/ros/humble /usr/bin/cmake --install /home/yahya/Documents/C-Codes/ROS2/catkin_ws/build/yahya
