[0.525s] DEBUG:colcon:Command line arguments: ['/usr/bin/colcon', 'build', '--packages-select', 'yahya']
[0.525s] DEBUG:colcon:Parsed command line arguments: Namespace(log_base=None, log_level=None, verb_name='build', build_base='build', install_base='install', merge_install=False, symlink_install=False, test_result_base=None, continue_on_error=False, executor='parallel', parallel_workers=4, event_handlers=None, ignore_user_meta=False, metas=['./colcon.meta'], base_paths=['.'], packages_ignore=None, packages_ignore_regex=None, paths=None, packages_up_to=None, packages_up_to_regex=None, packages_above=None, packages_above_and_dependencies=None, packages_above_depth=None, packages_select_by_dep=None, packages_skip_by_dep=None, packages_skip_up_to=None, packages_select_build_failed=False, packages_skip_build_finished=False, packages_select_test_failures=False, packages_skip_test_passed=False, packages_select=['yahya'], packages_skip=None, packages_select_regex=None, packages_skip_regex=None, packages_start=None, packages_end=None, allow_overriding=[], cmake_args=None, cmake_target=None, cmake_target_skip_unavailable=False, cmake_clean_cache=False, cmake_clean_first=False, cmake_force_configure=False, ament_cmake_args=None, catkin_cmake_args=None, catkin_skip_building_tests=False, verb_parser=<colcon_defaults.argument_parser.defaults.DefaultArgumentsDecorator object at 0x7fd6b37c0d90>, verb_extension=<colcon_core.verb.build.BuildVerb object at 0x7fd6b41bbb50>, main=<bound method BuildVerb.main of <colcon_core.verb.build.BuildVerb object at 0x7fd6b41bbb50>>)
[0.561s] Level 1:colcon.colcon_core.package_discovery:discover_packages(colcon_meta) check parameters
[0.561s] Level 1:colcon.colcon_core.package_discovery:discover_packages(recursive) check parameters
[0.561s] Level 1:colcon.colcon_core.package_discovery:discover_packages(ignore) check parameters
[0.562s] Level 1:colcon.colcon_core.package_discovery:discover_packages(path) check parameters
[0.562s] Level 1:colcon.colcon_core.package_discovery:discover_packages(colcon_meta) discover
[0.562s] Level 1:colcon.colcon_core.package_discovery:discover_packages(recursive) discover
[0.562s] INFO:colcon.colcon_core.package_discovery:Crawling recursively for packages in '/home/yahya/Documents/C-Codes/ROS2/catkin_ws'
[0.562s] Level 1:colcon.colcon_core.package_identification:_identify(.) by extensions ['ignore', 'ignore_ament_install']
[0.562s] Level 1:colcon.colcon_core.package_identification:_identify(.) by extension 'ignore'
[0.562s] Level 1:colcon.colcon_core.package_identification:_identify(.) by extension 'ignore_ament_install'
[0.562s] Level 1:colcon.colcon_core.package_identification:_identify(.) by extensions ['colcon_pkg']
[0.562s] Level 1:colcon.colcon_core.package_identification:_identify(.) by extension 'colcon_pkg'
[0.562s] Level 1:colcon.colcon_core.package_identification:_identify(.) by extensions ['colcon_meta']
[0.563s] Level 1:colcon.colcon_core.package_identification:_identify(.) by extension 'colcon_meta'
[0.563s] Level 1:colcon.colcon_core.package_identification:_identify(.) by extensions ['ros']
[0.563s] Level 1:colcon.colcon_core.package_identification:_identify(.) by extension 'ros'
[0.578s] Level 1:colcon.colcon_core.package_identification:_identify(.) by extensions ['cmake', 'python']
[0.578s] Level 1:colcon.colcon_core.package_identification:_identify(.) by extension 'cmake'
[0.578s] Level 1:colcon.colcon_core.package_identification:_identify(.) by extension 'python'
[0.578s] Level 1:colcon.colcon_core.package_identification:_identify(.) by extensions ['python_setup_py']
[0.578s] Level 1:colcon.colcon_core.package_identification:_identify(.) by extension 'python_setup_py'
[0.578s] Level 1:colcon.colcon_core.package_identification:_identify(build) by extensions ['ignore', 'ignore_ament_install']
[0.578s] Level 1:colcon.colcon_core.package_identification:_identify(build) by extension 'ignore'
[0.579s] Level 1:colcon.colcon_core.package_identification:_identify(build) ignored
[0.579s] Level 1:colcon.colcon_core.package_identification:_identify(install) by extensions ['ignore', 'ignore_ament_install']
[0.579s] Level 1:colcon.colcon_core.package_identification:_identify(install) by extension 'ignore'
[0.579s] Level 1:colcon.colcon_core.package_identification:_identify(install) ignored
[0.579s] Level 1:colcon.colcon_core.package_identification:_identify(log) by extensions ['ignore', 'ignore_ament_install']
[0.579s] Level 1:colcon.colcon_core.package_identification:_identify(log) by extension 'ignore'
[0.579s] Level 1:colcon.colcon_core.package_identification:_identify(log) ignored
[0.579s] Level 1:colcon.colcon_core.package_identification:_identify(src) by extensions ['ignore', 'ignore_ament_install']
[0.580s] Level 1:colcon.colcon_core.package_identification:_identify(src) by extension 'ignore'
[0.580s] Level 1:colcon.colcon_core.package_identification:_identify(src) by extension 'ignore_ament_install'
[0.580s] Level 1:colcon.colcon_core.package_identification:_identify(src) by extensions ['colcon_pkg']
[0.580s] Level 1:colcon.colcon_core.package_identification:_identify(src) by extension 'colcon_pkg'
[0.580s] Level 1:colcon.colcon_core.package_identification:_identify(src) by extensions ['colcon_meta']
[0.580s] Level 1:colcon.colcon_core.package_identification:_identify(src) by extension 'colcon_meta'
[0.580s] Level 1:colcon.colcon_core.package_identification:_identify(src) by extensions ['ros']
[0.580s] Level 1:colcon.colcon_core.package_identification:_identify(src) by extension 'ros'
[0.580s] Level 1:colcon.colcon_core.package_identification:_identify(src) by extensions ['cmake', 'python']
[0.580s] Level 1:colcon.colcon_core.package_identification:_identify(src) by extension 'cmake'
[0.580s] Level 1:colcon.colcon_core.package_identification:_identify(src) by extension 'python'
[0.580s] Level 1:colcon.colcon_core.package_identification:_identify(src) by extensions ['python_setup_py']
[0.580s] Level 1:colcon.colcon_core.package_identification:_identify(src) by extension 'python_setup_py'
[0.581s] Level 1:colcon.colcon_core.package_identification:_identify(src/yahya) by extensions ['ignore', 'ignore_ament_install']
[0.581s] Level 1:colcon.colcon_core.package_identification:_identify(src/yahya) by extension 'ignore'
[0.581s] Level 1:colcon.colcon_core.package_identification:_identify(src/yahya) by extension 'ignore_ament_install'
[0.581s] Level 1:colcon.colcon_core.package_identification:_identify(src/yahya) by extensions ['colcon_pkg']
[0.581s] Level 1:colcon.colcon_core.package_identification:_identify(src/yahya) by extension 'colcon_pkg'
[0.581s] Level 1:colcon.colcon_core.package_identification:_identify(src/yahya) by extensions ['colcon_meta']
[0.581s] Level 1:colcon.colcon_core.package_identification:_identify(src/yahya) by extension 'colcon_meta'
[0.581s] Level 1:colcon.colcon_core.package_identification:_identify(src/yahya) by extensions ['ros']
[0.581s] Level 1:colcon.colcon_core.package_identification:_identify(src/yahya) by extension 'ros'
[0.584s] DEBUG:colcon.colcon_core.package_identification:Package 'src/yahya' with type 'ros.ament_cmake' and name 'yahya'
[0.585s] Level 1:colcon.colcon_core.package_discovery:discover_packages(recursive) using defaults
[0.585s] Level 1:colcon.colcon_core.package_discovery:discover_packages(ignore) discover
[0.585s] Level 1:colcon.colcon_core.package_discovery:discover_packages(ignore) using defaults
[0.585s] Level 1:colcon.colcon_core.package_discovery:discover_packages(path) discover
[0.585s] Level 1:colcon.colcon_core.package_discovery:discover_packages(path) using defaults
[0.625s] Level 1:colcon.colcon_core.package_discovery:discover_packages(prefix_path) check parameters
[0.625s] Level 1:colcon.colcon_core.package_discovery:discover_packages(prefix_path) discover
[0.631s] DEBUG:colcon.colcon_installed_package_information.package_discovery:Found 270 installed packages in /opt/ros/humble
[0.634s] Level 1:colcon.colcon_core.package_discovery:discover_packages(prefix_path) using defaults
[0.720s] Level 5:colcon.colcon_core.verb:set package 'yahya' build argument 'cmake_args' from command line to 'None'
[0.720s] Level 5:colcon.colcon_core.verb:set package 'yahya' build argument 'cmake_target' from command line to 'None'
[0.720s] Level 5:colcon.colcon_core.verb:set package 'yahya' build argument 'cmake_target_skip_unavailable' from command line to 'False'
[0.720s] Level 5:colcon.colcon_core.verb:set package 'yahya' build argument 'cmake_clean_cache' from command line to 'False'
[0.720s] Level 5:colcon.colcon_core.verb:set package 'yahya' build argument 'cmake_clean_first' from command line to 'False'
[0.720s] Level 5:colcon.colcon_core.verb:set package 'yahya' build argument 'cmake_force_configure' from command line to 'False'
[0.720s] Level 5:colcon.colcon_core.verb:set package 'yahya' build argument 'ament_cmake_args' from command line to 'None'
[0.720s] Level 5:colcon.colcon_core.verb:set package 'yahya' build argument 'catkin_cmake_args' from command line to 'None'
[0.720s] Level 5:colcon.colcon_core.verb:set package 'yahya' build argument 'catkin_skip_building_tests' from command line to 'False'
[0.721s] DEBUG:colcon.colcon_core.verb:Building package 'yahya' with the following arguments: {'ament_cmake_args': None, 'build_base': '/home/yahya/Documents/C-Codes/ROS2/catkin_ws/build/yahya', 'catkin_cmake_args': None, 'catkin_skip_building_tests': False, 'cmake_args': None, 'cmake_clean_cache': False, 'cmake_clean_first': False, 'cmake_force_configure': False, 'cmake_target': None, 'cmake_target_skip_unavailable': False, 'install_base': '/home/yahya/Documents/C-Codes/ROS2/catkin_ws/install/yahya', 'merge_install': False, 'path': '/home/yahya/Documents/C-Codes/ROS2/catkin_ws/src/yahya', 'symlink_install': False, 'test_result_base': None}
[0.723s] INFO:colcon.colcon_core.executor:Executing jobs using 'parallel' executor
[0.738s] DEBUG:colcon.colcon_parallel_executor.executor.parallel:run_until_complete
[0.738s] INFO:colcon.colcon_ros.task.ament_cmake.build:Building ROS package in '/home/yahya/Documents/C-Codes/ROS2/catkin_ws/src/yahya' with build type 'ament_cmake'
[0.738s] INFO:colcon.colcon_cmake.task.cmake.build:Building CMake package in '/home/yahya/Documents/C-Codes/ROS2/catkin_ws/src/yahya'
[0.749s] INFO:colcon.colcon_core.plugin_system:Skipping extension 'colcon_core.shell.bat': Not used on non-Windows systems
[0.750s] INFO:colcon.colcon_core.shell:Skip shell extension 'powershell' for command environment: Not usable outside of PowerShell
[0.750s] DEBUG:colcon.colcon_core.shell:Skip shell extension 'dsv' for command environment
[0.767s] DEBUG:colcon.colcon_core.event_handler.log_command:Invoking command in '/home/yahya/Documents/C-Codes/ROS2/catkin_ws/build/yahya': CMAKE_PREFIX_PATH=/opt/ros/humble /usr/bin/cmake --build /home/yahya/Documents/C-Codes/ROS2/catkin_ws/build/yahya -- -j4 -l4
[19.043s] DEBUG:colcon.colcon_core.event_handler.log_command:Invoked command in '/home/yahya/Documents/C-Codes/ROS2/catkin_ws/build/yahya' returned '0': CMAKE_PREFIX_PATH=/opt/ros/humble /usr/bin/cmake --build /home/yahya/Documents/C-Codes/ROS2/catkin_ws/build/yahya -- -j4 -l4
[19.080s] DEBUG:colcon.colcon_core.event_handler.log_command:Invoking command in '/home/yahya/Documents/C-Codes/ROS2/catkin_ws/build/yahya': CMAKE_PREFIX_PATH=/opt/ros/humble /usr/bin/cmake --install /home/yahya/Documents/C-Codes/ROS2/catkin_ws/build/yahya
[19.099s] Level 1:colcon.colcon_core.environment:create_environment_scripts_only(yahya)
[19.101s] DEBUG:colcon.colcon_core.event_handler.log_command:Invoked command in '/home/yahya/Documents/C-Codes/ROS2/catkin_ws/build/yahya' returned '0': CMAKE_PREFIX_PATH=/opt/ros/humble /usr/bin/cmake --install /home/yahya/Documents/C-Codes/ROS2/catkin_ws/build/yahya
[19.110s] Level 1:colcon.colcon_core.environment:checking '/home/yahya/Documents/C-Codes/ROS2/catkin_ws/install/yahya' for CMake module files
[19.111s] Level 1:colcon.colcon_core.environment:checking '/home/yahya/Documents/C-Codes/ROS2/catkin_ws/install/yahya' for CMake config files
[19.111s] Level 1:colcon.colcon_core.shell:create_environment_hook('yahya', 'cmake_prefix_path')
[19.116s] INFO:colcon.colcon_core.shell:Creating environment hook '/home/yahya/Documents/C-Codes/ROS2/catkin_ws/install/yahya/share/yahya/hook/cmake_prefix_path.ps1'
[19.117s] INFO:colcon.colcon_core.shell:Creating environment descriptor '/home/yahya/Documents/C-Codes/ROS2/catkin_ws/install/yahya/share/yahya/hook/cmake_prefix_path.dsv'
[19.118s] INFO:colcon.colcon_core.shell:Creating environment hook '/home/yahya/Documents/C-Codes/ROS2/catkin_ws/install/yahya/share/yahya/hook/cmake_prefix_path.sh'
[19.119s] Level 1:colcon.colcon_core.environment:checking '/home/yahya/Documents/C-Codes/ROS2/catkin_ws/install/yahya/lib'
[19.119s] Level 1:colcon.colcon_core.environment:checking '/home/yahya/Documents/C-Codes/ROS2/catkin_ws/install/yahya/bin'
[19.119s] Level 1:colcon.colcon_core.environment:checking '/home/yahya/Documents/C-Codes/ROS2/catkin_ws/install/yahya/lib/pkgconfig/yahya.pc'
[19.119s] Level 1:colcon.colcon_core.environment:checking '/home/yahya/Documents/C-Codes/ROS2/catkin_ws/install/yahya/lib/python3.10/site-packages'
[19.120s] Level 1:colcon.colcon_core.environment:checking '/home/yahya/Documents/C-Codes/ROS2/catkin_ws/install/yahya/bin'
[19.125s] INFO:colcon.colcon_core.shell:Creating package script '/home/yahya/Documents/C-Codes/ROS2/catkin_ws/install/yahya/share/yahya/package.ps1'
[19.126s] INFO:colcon.colcon_core.shell:Creating package descriptor '/home/yahya/Documents/C-Codes/ROS2/catkin_ws/install/yahya/share/yahya/package.dsv'
[19.127s] INFO:colcon.colcon_core.shell:Creating package script '/home/yahya/Documents/C-Codes/ROS2/catkin_ws/install/yahya/share/yahya/package.sh'
[19.129s] INFO:colcon.colcon_core.shell:Creating package script '/home/yahya/Documents/C-Codes/ROS2/catkin_ws/install/yahya/share/yahya/package.bash'
[19.130s] INFO:colcon.colcon_core.shell:Creating package script '/home/yahya/Documents/C-Codes/ROS2/catkin_ws/install/yahya/share/yahya/package.zsh'
[19.131s] Level 1:colcon.colcon_core.environment:create_file_with_runtime_dependencies(/home/yahya/Documents/C-Codes/ROS2/catkin_ws/install/yahya/share/colcon-core/packages/yahya)
[19.166s] Level 1:colcon.colcon_core.environment:create_environment_scripts_only(yahya)
[19.173s] Level 1:colcon.colcon_core.environment:checking '/home/yahya/Documents/C-Codes/ROS2/catkin_ws/install/yahya' for CMake module files
[19.174s] Level 1:colcon.colcon_core.environment:checking '/home/yahya/Documents/C-Codes/ROS2/catkin_ws/install/yahya' for CMake config files
[19.175s] Level 1:colcon.colcon_core.shell:create_environment_hook('yahya', 'cmake_prefix_path')
[19.179s] INFO:colcon.colcon_core.shell:Creating environment hook '/home/yahya/Documents/C-Codes/ROS2/catkin_ws/install/yahya/share/yahya/hook/cmake_prefix_path.ps1'
[19.180s] INFO:colcon.colcon_core.shell:Creating environment descriptor '/home/yahya/Documents/C-Codes/ROS2/catkin_ws/install/yahya/share/yahya/hook/cmake_prefix_path.dsv'
[19.181s] INFO:colcon.colcon_core.shell:Creating environment hook '/home/yahya/Documents/C-Codes/ROS2/catkin_ws/install/yahya/share/yahya/hook/cmake_prefix_path.sh'
[19.181s] Level 1:colcon.colcon_core.environment:checking '/home/yahya/Documents/C-Codes/ROS2/catkin_ws/install/yahya/lib'
[19.181s] Level 1:colcon.colcon_core.environment:checking '/home/yahya/Documents/C-Codes/ROS2/catkin_ws/install/yahya/bin'
[19.182s] Level 1:colcon.colcon_core.environment:checking '/home/yahya/Documents/C-Codes/ROS2/catkin_ws/install/yahya/lib/pkgconfig/yahya.pc'
[19.182s] Level 1:colcon.colcon_core.environment:checking '/home/yahya/Documents/C-Codes/ROS2/catkin_ws/install/yahya/lib/python3.10/site-packages'
[19.182s] Level 1:colcon.colcon_core.environment:checking '/home/yahya/Documents/C-Codes/ROS2/catkin_ws/install/yahya/bin'
[19.187s] INFO:colcon.colcon_core.shell:Creating package script '/home/yahya/Documents/C-Codes/ROS2/catkin_ws/install/yahya/share/yahya/package.ps1'
[19.188s] INFO:colcon.colcon_core.shell:Creating package descriptor '/home/yahya/Documents/C-Codes/ROS2/catkin_ws/install/yahya/share/yahya/package.dsv'
[19.189s] INFO:colcon.colcon_core.shell:Creating package script '/home/yahya/Documents/C-Codes/ROS2/catkin_ws/install/yahya/share/yahya/package.sh'
[19.189s] INFO:colcon.colcon_core.shell:Creating package script '/home/yahya/Documents/C-Codes/ROS2/catkin_ws/install/yahya/share/yahya/package.bash'
[19.190s] INFO:colcon.colcon_core.shell:Creating package script '/home/yahya/Documents/C-Codes/ROS2/catkin_ws/install/yahya/share/yahya/package.zsh'
[19.190s] Level 1:colcon.colcon_core.environment:create_file_with_runtime_dependencies(/home/yahya/Documents/C-Codes/ROS2/catkin_ws/install/yahya/share/colcon-core/packages/yahya)
[19.191s] DEBUG:colcon.colcon_parallel_executor.executor.parallel:closing loop
[19.191s] DEBUG:colcon.colcon_parallel_executor.executor.parallel:loop closed
[19.191s] DEBUG:colcon.colcon_parallel_executor.executor.parallel:run_until_complete finished with '0'
[19.192s] DEBUG:colcon.colcon_core.event_reactor:joining thread
[19.213s] INFO:colcon.colcon_core.plugin_system:Skipping extension 'colcon_notification.desktop_notification.terminal_notifier': Not used on non-Darwin systems
[19.213s] INFO:colcon.colcon_core.plugin_system:Skipping extension 'colcon_notification.desktop_notification.win32': Not used on non-Windows systems
[19.214s] INFO:colcon.colcon_notification.desktop_notification:Sending desktop notification using 'notify2'
[19.237s] DEBUG:colcon.colcon_core.event_reactor:joined thread
[19.246s] INFO:colcon.colcon_core.shell:Creating prefix script '/home/yahya/Documents/C-Codes/ROS2/catkin_ws/install/local_setup.ps1'
[19.248s] INFO:colcon.colcon_core.shell:Creating prefix util module '/home/yahya/Documents/C-Codes/ROS2/catkin_ws/install/_local_setup_util_ps1.py'
[19.249s] INFO:colcon.colcon_core.shell:Creating prefix chain script '/home/yahya/Documents/C-Codes/ROS2/catkin_ws/install/setup.ps1'
[19.252s] INFO:colcon.colcon_core.shell:Creating prefix script '/home/yahya/Documents/C-Codes/ROS2/catkin_ws/install/local_setup.sh'
[19.253s] INFO:colcon.colcon_core.shell:Creating prefix util module '/home/yahya/Documents/C-Codes/ROS2/catkin_ws/install/_local_setup_util_sh.py'
[19.253s] INFO:colcon.colcon_core.shell:Creating prefix chain script '/home/yahya/Documents/C-Codes/ROS2/catkin_ws/install/setup.sh'
[19.256s] INFO:colcon.colcon_core.shell:Creating prefix script '/home/yahya/Documents/C-Codes/ROS2/catkin_ws/install/local_setup.bash'
[19.257s] INFO:colcon.colcon_core.shell:Creating prefix chain script '/home/yahya/Documents/C-Codes/ROS2/catkin_ws/install/setup.bash'
[19.261s] INFO:colcon.colcon_core.shell:Creating prefix script '/home/yahya/Documents/C-Codes/ROS2/catkin_ws/install/local_setup.zsh'
[19.261s] INFO:colcon.colcon_core.shell:Creating prefix chain script '/home/yahya/Documents/C-Codes/ROS2/catkin_ws/install/setup.zsh'
