running egg_info
writing ../../build/image_pubsub/image_pubsub.egg-info/PKG-INFO
writing dependency_links to ../../build/image_pubsub/image_pubsub.egg-info/dependency_links.txt
writing entry points to ../../build/image_pubsub/image_pubsub.egg-info/entry_points.txt
writing requirements to ../../build/image_pubsub/image_pubsub.egg-info/requires.txt
writing top-level names to ../../build/image_pubsub/image_pubsub.egg-info/top_level.txt
reading manifest file '../../build/image_pubsub/image_pubsub.egg-info/SOURCES.txt'
writing manifest file '../../build/image_pubsub/image_pubsub.egg-info/SOURCES.txt'
running build
running build_py
copying image_pubsub/sub.py -> /home/yahya/Documents/yahyagoorakaniTA/ros2_ws/build/image_pubsub/build/lib/image_pubsub
copying image_pubsub/pub.py -> /home/yahya/Documents/yahyagoorakaniTA/ros2_ws/build/image_pubsub/build/lib/image_pubsub
running install
/usr/lib/python3/dist-packages/setuptools/command/install.py:34: SetuptoolsDeprecationWarning: setup.py install is deprecated. Use build and pip and other standards-based tools.
  warnings.warn(
running install_lib
copying /home/yahya/Documents/yahyagoorakaniTA/ros2_ws/build/image_pubsub/build/lib/image_pubsub/sub.py -> /home/yahya/Documents/yahyagoorakaniTA/ros2_ws/install/image_pubsub/lib/python3.10/site-packages/image_pubsub
copying /home/yahya/Documents/yahyagoorakaniTA/ros2_ws/build/image_pubsub/build/lib/image_pubsub/pub.py -> /home/yahya/Documents/yahyagoorakaniTA/ros2_ws/install/image_pubsub/lib/python3.10/site-packages/image_pubsub
byte-compiling /home/yahya/Documents/yahyagoorakaniTA/ros2_ws/install/image_pubsub/lib/python3.10/site-packages/image_pubsub/sub.py to sub.cpython-310.pyc
byte-compiling /home/yahya/Documents/yahyagoorakaniTA/ros2_ws/install/image_pubsub/lib/python3.10/site-packages/image_pubsub/pub.py to pub.cpython-310.pyc
Sorry: TabError: inconsistent use of tabs and spaces in indentation (pub.py, line 29)
running install_data
copying package.xml -> /home/yahya/Documents/yahyagoorakaniTA/ros2_ws/install/image_pubsub/share/image_pubsub
running install_egg_info
removing '/home/yahya/Documents/yahyagoorakaniTA/ros2_ws/install/image_pubsub/lib/python3.10/site-packages/image_pubsub-0.0.0-py3.10.egg-info' (and everything under it)
Copying ../../build/image_pubsub/image_pubsub.egg-info to /home/yahya/Documents/yahyagoorakaniTA/ros2_ws/install/image_pubsub/lib/python3.10/site-packages/image_pubsub-0.0.0-py3.10.egg-info
running install_scripts
Installing listener script to /home/yahya/Documents/yahyagoorakaniTA/ros2_ws/install/image_pubsub/lib/image_pubsub
Installing talker script to /home/yahya/Documents/yahyagoorakaniTA/ros2_ws/install/image_pubsub/lib/image_pubsub
writing list of installed files to '/home/yahya/Documents/yahyagoorakaniTA/ros2_ws/build/image_pubsub/install.log'
