[0.529s] DEBUG:colcon:Command line arguments: ['/usr/bin/colcon', 'build', '--packages-select', 'image_pubsub']
[0.529s] DEBUG:colcon:Parsed command line arguments: Namespace(log_base=None, log_level=None, verb_name='build', build_base='build', install_base='install', merge_install=False, symlink_install=False, test_result_base=None, continue_on_error=False, executor='parallel', parallel_workers=4, event_handlers=None, ignore_user_meta=False, metas=['./colcon.meta'], base_paths=['.'], packages_ignore=None, packages_ignore_regex=None, paths=None, packages_up_to=None, packages_up_to_regex=None, packages_above=None, packages_above_and_dependencies=None, packages_above_depth=None, packages_select_by_dep=None, packages_skip_by_dep=None, packages_skip_up_to=None, packages_select_build_failed=False, packages_skip_build_finished=False, packages_select_test_failures=False, packages_skip_test_passed=False, packages_select=['image_pubsub'], packages_skip=None, packages_select_regex=None, packages_skip_regex=None, packages_start=None, packages_end=None, allow_overriding=[], cmake_args=None, cmake_target=None, cmake_target_skip_unavailable=False, cmake_clean_cache=False, cmake_clean_first=False, cmake_force_configure=False, ament_cmake_args=None, catkin_cmake_args=None, catkin_skip_building_tests=False, verb_parser=<colcon_defaults.argument_parser.defaults.DefaultArgumentsDecorator object at 0x7ff31c644940>, verb_extension=<colcon_core.verb.build.BuildVerb object at 0x7ff31d03ac50>, main=<bound method BuildVerb.main of <colcon_core.verb.build.BuildVerb object at 0x7ff31d03ac50>>)
[0.565s] Level 1:colcon.colcon_core.package_discovery:discover_packages(colcon_meta) check parameters
[0.565s] Level 1:colcon.colcon_core.package_discovery:discover_packages(recursive) check parameters
[0.565s] Level 1:colcon.colcon_core.package_discovery:discover_packages(ignore) check parameters
[0.565s] Level 1:colcon.colcon_core.package_discovery:discover_packages(path) check parameters
[0.565s] Level 1:colcon.colcon_core.package_discovery:discover_packages(colcon_meta) discover
[0.566s] Level 1:colcon.colcon_core.package_discovery:discover_packages(recursive) discover
[0.566s] INFO:colcon.colcon_core.package_discovery:Crawling recursively for packages in '/home/yahya/Documents/yahyagoorakaniTA/ros2_ws'
[0.566s] Level 1:colcon.colcon_core.package_identification:_identify(.) by extensions ['ignore', 'ignore_ament_install']
[0.566s] Level 1:colcon.colcon_core.package_identification:_identify(.) by extension 'ignore'
[0.566s] Level 1:colcon.colcon_core.package_identification:_identify(.) by extension 'ignore_ament_install'
[0.566s] Level 1:colcon.colcon_core.package_identification:_identify(.) by extensions ['colcon_pkg']
[0.566s] Level 1:colcon.colcon_core.package_identification:_identify(.) by extension 'colcon_pkg'
[0.566s] Level 1:colcon.colcon_core.package_identification:_identify(.) by extensions ['colcon_meta']
[0.566s] Level 1:colcon.colcon_core.package_identification:_identify(.) by extension 'colcon_meta'
[0.566s] Level 1:colcon.colcon_core.package_identification:_identify(.) by extensions ['ros']
[0.566s] Level 1:colcon.colcon_core.package_identification:_identify(.) by extension 'ros'
[0.581s] Level 1:colcon.colcon_core.package_identification:_identify(.) by extensions ['cmake', 'python']
[0.581s] Level 1:colcon.colcon_core.package_identification:_identify(.) by extension 'cmake'
[0.581s] Level 1:colcon.colcon_core.package_identification:_identify(.) by extension 'python'
[0.581s] Level 1:colcon.colcon_core.package_identification:_identify(.) by extensions ['python_setup_py']
[0.581s] Level 1:colcon.colcon_core.package_identification:_identify(.) by extension 'python_setup_py'
[0.582s] Level 1:colcon.colcon_core.package_identification:_identify(build) by extensions ['ignore', 'ignore_ament_install']
[0.582s] Level 1:colcon.colcon_core.package_identification:_identify(build) by extension 'ignore'
[0.582s] Level 1:colcon.colcon_core.package_identification:_identify(build) ignored
[0.582s] Level 1:colcon.colcon_core.package_identification:_identify(install) by extensions ['ignore', 'ignore_ament_install']
[0.582s] Level 1:colcon.colcon_core.package_identification:_identify(install) by extension 'ignore'
[0.582s] Level 1:colcon.colcon_core.package_identification:_identify(install) ignored
[0.582s] Level 1:colcon.colcon_core.package_identification:_identify(log) by extensions ['ignore', 'ignore_ament_install']
[0.582s] Level 1:colcon.colcon_core.package_identification:_identify(log) by extension 'ignore'
[0.582s] Level 1:colcon.colcon_core.package_identification:_identify(log) ignored
[0.582s] Level 1:colcon.colcon_core.package_identification:_identify(src) by extensions ['ignore', 'ignore_ament_install']
[0.583s] Level 1:colcon.colcon_core.package_identification:_identify(src) by extension 'ignore'
[0.583s] Level 1:colcon.colcon_core.package_identification:_identify(src) by extension 'ignore_ament_install'
[0.583s] Level 1:colcon.colcon_core.package_identification:_identify(src) by extensions ['colcon_pkg']
[0.583s] Level 1:colcon.colcon_core.package_identification:_identify(src) by extension 'colcon_pkg'
[0.583s] Level 1:colcon.colcon_core.package_identification:_identify(src) by extensions ['colcon_meta']
[0.583s] Level 1:colcon.colcon_core.package_identification:_identify(src) by extension 'colcon_meta'
[0.583s] Level 1:colcon.colcon_core.package_identification:_identify(src) by extensions ['ros']
[0.583s] Level 1:colcon.colcon_core.package_identification:_identify(src) by extension 'ros'
[0.583s] Level 1:colcon.colcon_core.package_identification:_identify(src) by extensions ['cmake', 'python']
[0.583s] Level 1:colcon.colcon_core.package_identification:_identify(src) by extension 'cmake'
[0.583s] Level 1:colcon.colcon_core.package_identification:_identify(src) by extension 'python'
[0.583s] Level 1:colcon.colcon_core.package_identification:_identify(src) by extensions ['python_setup_py']
[0.583s] Level 1:colcon.colcon_core.package_identification:_identify(src) by extension 'python_setup_py'
[0.583s] Level 1:colcon.colcon_core.package_identification:_identify(src/image_pubsub) by extensions ['ignore', 'ignore_ament_install']
[0.584s] Level 1:colcon.colcon_core.package_identification:_identify(src/image_pubsub) by extension 'ignore'
[0.584s] Level 1:colcon.colcon_core.package_identification:_identify(src/image_pubsub) by extension 'ignore_ament_install'
[0.584s] Level 1:colcon.colcon_core.package_identification:_identify(src/image_pubsub) by extensions ['colcon_pkg']
[0.584s] Level 1:colcon.colcon_core.package_identification:_identify(src/image_pubsub) by extension 'colcon_pkg'
[0.584s] Level 1:colcon.colcon_core.package_identification:_identify(src/image_pubsub) by extensions ['colcon_meta']
[0.584s] Level 1:colcon.colcon_core.package_identification:_identify(src/image_pubsub) by extension 'colcon_meta'
[0.584s] Level 1:colcon.colcon_core.package_identification:_identify(src/image_pubsub) by extensions ['ros']
[0.584s] Level 1:colcon.colcon_core.package_identification:_identify(src/image_pubsub) by extension 'ros'
[0.587s] DEBUG:colcon.colcon_core.package_identification:Package 'src/image_pubsub' with type 'ros.ament_python' and name 'image_pubsub'
[0.587s] Level 1:colcon.colcon_core.package_discovery:discover_packages(recursive) using defaults
[0.587s] Level 1:colcon.colcon_core.package_discovery:discover_packages(ignore) discover
[0.587s] Level 1:colcon.colcon_core.package_discovery:discover_packages(ignore) using defaults
[0.587s] Level 1:colcon.colcon_core.package_discovery:discover_packages(path) discover
[0.587s] Level 1:colcon.colcon_core.package_discovery:discover_packages(path) using defaults
[0.628s] Level 1:colcon.colcon_core.package_discovery:discover_packages(prefix_path) check parameters
[0.628s] Level 1:colcon.colcon_core.package_discovery:discover_packages(prefix_path) discover
[0.633s] DEBUG:colcon.colcon_installed_package_information.package_discovery:Found 1 installed packages in /home/yahya/Documents/yahyagoorakaniTA/ros2_ws/install
[0.637s] DEBUG:colcon.colcon_installed_package_information.package_discovery:Found 270 installed packages in /opt/ros/humble
[0.639s] Level 1:colcon.colcon_core.package_discovery:discover_packages(prefix_path) using defaults
[0.724s] Level 5:colcon.colcon_core.verb:set package 'image_pubsub' build argument 'cmake_args' from command line to 'None'
[0.724s] Level 5:colcon.colcon_core.verb:set package 'image_pubsub' build argument 'cmake_target' from command line to 'None'
[0.725s] Level 5:colcon.colcon_core.verb:set package 'image_pubsub' build argument 'cmake_target_skip_unavailable' from command line to 'False'
[0.725s] Level 5:colcon.colcon_core.verb:set package 'image_pubsub' build argument 'cmake_clean_cache' from command line to 'False'
[0.725s] Level 5:colcon.colcon_core.verb:set package 'image_pubsub' build argument 'cmake_clean_first' from command line to 'False'
[0.725s] Level 5:colcon.colcon_core.verb:set package 'image_pubsub' build argument 'cmake_force_configure' from command line to 'False'
[0.725s] Level 5:colcon.colcon_core.verb:set package 'image_pubsub' build argument 'ament_cmake_args' from command line to 'None'
[0.725s] Level 5:colcon.colcon_core.verb:set package 'image_pubsub' build argument 'catkin_cmake_args' from command line to 'None'
[0.725s] Level 5:colcon.colcon_core.verb:set package 'image_pubsub' build argument 'catkin_skip_building_tests' from command line to 'False'
[0.725s] DEBUG:colcon.colcon_core.verb:Building package 'image_pubsub' with the following arguments: {'ament_cmake_args': None, 'build_base': '/home/yahya/Documents/yahyagoorakaniTA/ros2_ws/build/image_pubsub', 'catkin_cmake_args': None, 'catkin_skip_building_tests': False, 'cmake_args': None, 'cmake_clean_cache': False, 'cmake_clean_first': False, 'cmake_force_configure': False, 'cmake_target': None, 'cmake_target_skip_unavailable': False, 'install_base': '/home/yahya/Documents/yahyagoorakaniTA/ros2_ws/install/image_pubsub', 'merge_install': False, 'path': '/home/yahya/Documents/yahyagoorakaniTA/ros2_ws/src/image_pubsub', 'symlink_install': False, 'test_result_base': None}
[0.727s] INFO:colcon.colcon_core.executor:Executing jobs using 'parallel' executor
[0.741s] DEBUG:colcon.colcon_parallel_executor.executor.parallel:run_until_complete
[0.742s] INFO:colcon.colcon_ros.task.ament_python.build:Building ROS package in '/home/yahya/Documents/yahyagoorakaniTA/ros2_ws/src/image_pubsub' with build type 'ament_python'
[0.742s] Level 1:colcon.colcon_core.shell:create_environment_hook('image_pubsub', 'ament_prefix_path')
[0.751s] INFO:colcon.colcon_core.plugin_system:Skipping extension 'colcon_core.shell.bat': Not used on non-Windows systems
[0.751s] INFO:colcon.colcon_core.shell:Creating environment hook '/home/yahya/Documents/yahyagoorakaniTA/ros2_ws/install/image_pubsub/share/image_pubsub/hook/ament_prefix_path.ps1'
[0.752s] INFO:colcon.colcon_core.shell:Creating environment descriptor '/home/yahya/Documents/yahyagoorakaniTA/ros2_ws/install/image_pubsub/share/image_pubsub/hook/ament_prefix_path.dsv'
[0.753s] INFO:colcon.colcon_core.shell:Creating environment hook '/home/yahya/Documents/yahyagoorakaniTA/ros2_ws/install/image_pubsub/share/image_pubsub/hook/ament_prefix_path.sh'
[0.759s] INFO:colcon.colcon_core.shell:Skip shell extension 'powershell' for command environment: Not usable outside of PowerShell
[0.759s] DEBUG:colcon.colcon_core.shell:Skip shell extension 'dsv' for command environment
[1.142s] INFO:colcon.colcon_core.task.python.build:Building Python package in '/home/yahya/Documents/yahyagoorakaniTA/ros2_ws/src/image_pubsub'
[1.147s] INFO:colcon.colcon_core.shell:Skip shell extension 'powershell' for command environment: Not usable outside of PowerShell
[1.147s] DEBUG:colcon.colcon_core.shell:Skip shell extension 'dsv' for command environment
[1.644s] DEBUG:colcon.colcon_core.event_handler.log_command:Invoking command in '/home/yahya/Documents/yahyagoorakaniTA/ros2_ws/src/image_pubsub': PYTHONPATH=/home/yahya/Documents/yahyagoorakaniTA/ros2_ws/install/image_pubsub/lib/python3.10/site-packages:${PYTHONPATH} /usr/bin/python3 setup.py egg_info --egg-base ../../build/image_pubsub build --build-base /home/yahya/Documents/yahyagoorakaniTA/ros2_ws/build/image_pubsub/build install --prefix /home/yahya/Documents/yahyagoorakaniTA/ros2_ws/install/image_pubsub --record /home/yahya/Documents/yahyagoorakaniTA/ros2_ws/build/image_pubsub/install.log --single-version-externally-managed
[2.072s] DEBUG:colcon.colcon_core.event_handler.log_command:Invoked command in '/home/yahya/Documents/yahyagoorakaniTA/ros2_ws/src/image_pubsub' returned '0': PYTHONPATH=/home/yahya/Documents/yahyagoorakaniTA/ros2_ws/install/image_pubsub/lib/python3.10/site-packages:${PYTHONPATH} /usr/bin/python3 setup.py egg_info --egg-base ../../build/image_pubsub build --build-base /home/yahya/Documents/yahyagoorakaniTA/ros2_ws/build/image_pubsub/build install --prefix /home/yahya/Documents/yahyagoorakaniTA/ros2_ws/install/image_pubsub --record /home/yahya/Documents/yahyagoorakaniTA/ros2_ws/build/image_pubsub/install.log --single-version-externally-managed
[2.105s] Level 1:colcon.colcon_core.environment:checking '/home/yahya/Documents/yahyagoorakaniTA/ros2_ws/install/image_pubsub' for CMake module files
[2.107s] Level 1:colcon.colcon_core.environment:checking '/home/yahya/Documents/yahyagoorakaniTA/ros2_ws/install/image_pubsub' for CMake config files
[2.110s] Level 1:colcon.colcon_core.environment:checking '/home/yahya/Documents/yahyagoorakaniTA/ros2_ws/install/image_pubsub/lib'
[2.110s] Level 1:colcon.colcon_core.environment:checking '/home/yahya/Documents/yahyagoorakaniTA/ros2_ws/install/image_pubsub/bin'
[2.111s] Level 1:colcon.colcon_core.environment:checking '/home/yahya/Documents/yahyagoorakaniTA/ros2_ws/install/image_pubsub/lib/pkgconfig/image_pubsub.pc'
[2.112s] Level 1:colcon.colcon_core.environment:checking '/home/yahya/Documents/yahyagoorakaniTA/ros2_ws/install/image_pubsub/lib/python3.10/site-packages'
[2.112s] Level 1:colcon.colcon_core.shell:create_environment_hook('image_pubsub', 'pythonpath')
[2.124s] INFO:colcon.colcon_core.shell:Creating environment hook '/home/yahya/Documents/yahyagoorakaniTA/ros2_ws/install/image_pubsub/share/image_pubsub/hook/pythonpath.ps1'
[2.125s] INFO:colcon.colcon_core.shell:Creating environment descriptor '/home/yahya/Documents/yahyagoorakaniTA/ros2_ws/install/image_pubsub/share/image_pubsub/hook/pythonpath.dsv'
[2.126s] INFO:colcon.colcon_core.shell:Creating environment hook '/home/yahya/Documents/yahyagoorakaniTA/ros2_ws/install/image_pubsub/share/image_pubsub/hook/pythonpath.sh'
[2.127s] Level 1:colcon.colcon_core.environment:checking '/home/yahya/Documents/yahyagoorakaniTA/ros2_ws/install/image_pubsub/bin'
[2.128s] Level 1:colcon.colcon_core.environment:create_environment_scripts_only(image_pubsub)
[2.138s] INFO:colcon.colcon_core.shell:Creating package script '/home/yahya/Documents/yahyagoorakaniTA/ros2_ws/install/image_pubsub/share/image_pubsub/package.ps1'
[2.140s] INFO:colcon.colcon_core.shell:Creating package descriptor '/home/yahya/Documents/yahyagoorakaniTA/ros2_ws/install/image_pubsub/share/image_pubsub/package.dsv'
[2.141s] INFO:colcon.colcon_core.shell:Creating package script '/home/yahya/Documents/yahyagoorakaniTA/ros2_ws/install/image_pubsub/share/image_pubsub/package.sh'
[2.143s] INFO:colcon.colcon_core.shell:Creating package script '/home/yahya/Documents/yahyagoorakaniTA/ros2_ws/install/image_pubsub/share/image_pubsub/package.bash'
[2.144s] INFO:colcon.colcon_core.shell:Creating package script '/home/yahya/Documents/yahyagoorakaniTA/ros2_ws/install/image_pubsub/share/image_pubsub/package.zsh'
[2.146s] Level 1:colcon.colcon_core.environment:create_file_with_runtime_dependencies(/home/yahya/Documents/yahyagoorakaniTA/ros2_ws/install/image_pubsub/share/colcon-core/packages/image_pubsub)
[2.146s] DEBUG:colcon.colcon_parallel_executor.executor.parallel:closing loop
[2.148s] DEBUG:colcon.colcon_parallel_executor.executor.parallel:loop closed
[2.148s] DEBUG:colcon.colcon_parallel_executor.executor.parallel:run_until_complete finished with '0'
[2.148s] DEBUG:colcon.colcon_core.event_reactor:joining thread
[2.171s] INFO:colcon.colcon_core.plugin_system:Skipping extension 'colcon_notification.desktop_notification.terminal_notifier': Not used on non-Darwin systems
[2.172s] INFO:colcon.colcon_core.plugin_system:Skipping extension 'colcon_notification.desktop_notification.win32': Not used on non-Windows systems
[2.172s] INFO:colcon.colcon_notification.desktop_notification:Sending desktop notification using 'notify2'
[2.198s] DEBUG:colcon.colcon_core.event_reactor:joined thread
[2.208s] INFO:colcon.colcon_core.shell:Creating prefix script '/home/yahya/Documents/yahyagoorakaniTA/ros2_ws/install/local_setup.ps1'
[2.209s] INFO:colcon.colcon_core.shell:Creating prefix util module '/home/yahya/Documents/yahyagoorakaniTA/ros2_ws/install/_local_setup_util_ps1.py'
[2.212s] INFO:colcon.colcon_core.shell:Creating prefix chain script '/home/yahya/Documents/yahyagoorakaniTA/ros2_ws/install/setup.ps1'
[2.216s] INFO:colcon.colcon_core.shell:Creating prefix script '/home/yahya/Documents/yahyagoorakaniTA/ros2_ws/install/local_setup.sh'
[2.217s] INFO:colcon.colcon_core.shell:Creating prefix util module '/home/yahya/Documents/yahyagoorakaniTA/ros2_ws/install/_local_setup_util_sh.py'
[2.218s] INFO:colcon.colcon_core.shell:Creating prefix chain script '/home/yahya/Documents/yahyagoorakaniTA/ros2_ws/install/setup.sh'
[2.223s] INFO:colcon.colcon_core.shell:Creating prefix script '/home/yahya/Documents/yahyagoorakaniTA/ros2_ws/install/local_setup.bash'
[2.224s] INFO:colcon.colcon_core.shell:Creating prefix chain script '/home/yahya/Documents/yahyagoorakaniTA/ros2_ws/install/setup.bash'
[2.229s] INFO:colcon.colcon_core.shell:Creating prefix script '/home/yahya/Documents/yahyagoorakaniTA/ros2_ws/install/local_setup.zsh'
[2.230s] INFO:colcon.colcon_core.shell:Creating prefix chain script '/home/yahya/Documents/yahyagoorakaniTA/ros2_ws/install/setup.zsh'
