-- Found ament_cmake: 1.3.2 (/opt/ros/humble/share/ament_cmake/cmake)
-- Found rclcpp: 16.0.1 (/opt/ros/humble/share/rclcpp/cmake)
-- Found rosidl_generator_c: 3.1.3 (/opt/ros/humble/share/rosidl_generator_c/cmake)
-- Found rosidl_adapter: 3.1.3 (/opt/ros/humble/share/rosidl_adapter/cmake)
-- Found rosidl_generator_cpp: 3.1.3 (/opt/ros/humble/share/rosidl_generator_cpp/cmake)
-- Using all available rosidl_typesupport_c: rosidl_typesupport_fastrtps_c;rosidl_typesupport_introspection_c
-- Using all available rosidl_typesupport_cpp: rosidl_typesupport_fastrtps_cpp;rosidl_typesupport_introspection_cpp
-- Found rmw_implementation_cmake: 6.1.0 (/opt/ros/humble/share/rmw_implementation_cmake/cmake)
-- Found rmw_fastrtps_cpp: 6.2.1 (/opt/ros/humble/share/rmw_fastrtps_cpp/cmake)
-- Found OpenSSL: /usr/lib/x86_64-linux-gnu/libcrypto.so (found version "3.0.2")  
-- Found FastRTPS: /opt/ros/humble/include  
-- Using RMW implementation 'rmw_fastrtps_cpp' as default
-- Found ament_lint_auto: 0.12.4 (/opt/ros/humble/share/ament_lint_auto/cmake)
-- Added test 'cppcheck' to perform static code analysis on C / C++ code
-- Configured cppcheck include dirs: 
-- Configured cppcheck exclude dirs and/or files: 
-- Added test 'lint_cmake' to check CMake code style
-- Added test 'uncrustify' to check C / C++ code style
-- Configured uncrustify additional arguments: 
-- Added test 'xmllint' to check XML markup files
-- Configuring done
-- Generating done
-- Build files have been written to: /home/yahya/Documents/C-Codes/ROS2/catkin_ws/build/yahya
-- Install configuration: ""
-- Installing: /home/yahya/Documents/C-Codes/ROS2/catkin_ws/install/yahya/share/ament_index/resource_index/package_run_dependencies/yahya
-- Up-to-date: /home/yahya/Documents/C-Codes/ROS2/catkin_ws/install/yahya/share/ament_index/resource_index/parent_prefix_path/yahya
-- Up-to-date: /home/yahya/Documents/C-Codes/ROS2/catkin_ws/install/yahya/share/yahya/environment/ament_prefix_path.sh
-- Installing: /home/yahya/Documents/C-Codes/ROS2/catkin_ws/install/yahya/share/yahya/environment/ament_prefix_path.dsv
-- Up-to-date: /home/yahya/Documents/C-Codes/ROS2/catkin_ws/install/yahya/share/yahya/environment/path.sh
-- Installing: /home/yahya/Documents/C-Codes/ROS2/catkin_ws/install/yahya/share/yahya/environment/path.dsv
-- Up-to-date: /home/yahya/Documents/C-Codes/ROS2/catkin_ws/install/yahya/share/yahya/local_setup.bash
-- Up-to-date: /home/yahya/Documents/C-Codes/ROS2/catkin_ws/install/yahya/share/yahya/local_setup.sh
-- Up-to-date: /home/yahya/Documents/C-Codes/ROS2/catkin_ws/install/yahya/share/yahya/local_setup.zsh
-- Installing: /home/yahya/Documents/C-Codes/ROS2/catkin_ws/install/yahya/share/yahya/local_setup.dsv
-- Installing: /home/yahya/Documents/C-Codes/ROS2/catkin_ws/install/yahya/share/yahya/package.dsv
-- Up-to-date: /home/yahya/Documents/C-Codes/ROS2/catkin_ws/install/yahya/share/ament_index/resource_index/packages/yahya
-- Up-to-date: /home/yahya/Documents/C-Codes/ROS2/catkin_ws/install/yahya/share/yahya/cmake/yahyaConfig.cmake
-- Up-to-date: /home/yahya/Documents/C-Codes/ROS2/catkin_ws/install/yahya/share/yahya/cmake/yahyaConfig-version.cmake
-- Installing: /home/yahya/Documents/C-Codes/ROS2/catkin_ws/install/yahya/share/yahya/package.xml
