[6.684s] DEBUG:colcon:Command line arguments: ['/usr/bin/colcon', 'build']
[6.684s] DEBUG:colcon:Parsed command line arguments: Namespace(log_base=None, log_level=None, verb_name='build', build_base='build', install_base='install', merge_install=False, symlink_install=False, test_result_base=None, continue_on_error=False, executor='parallel', parallel_workers=4, event_handlers=None, ignore_user_meta=False, metas=['./colcon.meta'], base_paths=['.'], packages_ignore=None, packages_ignore_regex=None, paths=None, packages_up_to=None, packages_up_to_regex=None, packages_above=None, packages_above_and_dependencies=None, packages_above_depth=None, packages_select_by_dep=None, packages_skip_by_dep=None, packages_skip_up_to=None, packages_select_build_failed=False, packages_skip_build_finished=False, packages_select_test_failures=False, packages_skip_test_passed=False, packages_select=None, packages_skip=None, packages_select_regex=None, packages_skip_regex=None, packages_start=None, packages_end=None, allow_overriding=[], cmake_args=None, cmake_target=None, cmake_target_skip_unavailable=False, cmake_clean_cache=False, cmake_clean_first=False, cmake_force_configure=False, ament_cmake_args=None, catkin_cmake_args=None, catkin_skip_building_tests=False, verb_parser=<colcon_defaults.argument_parser.defaults.DefaultArgumentsDecorator object at 0x7f76a5d78310>, verb_extension=<colcon_core.verb.build.BuildVerb object at 0x7f76a6771f00>, main=<bound method BuildVerb.main of <colcon_core.verb.build.BuildVerb object at 0x7f76a6771f00>>)
[7.661s] Level 1:colcon.colcon_core.package_discovery:discover_packages(colcon_meta) check parameters
[7.662s] Level 1:colcon.colcon_core.package_discovery:discover_packages(recursive) check parameters
[7.662s] Level 1:colcon.colcon_core.package_discovery:discover_packages(ignore) check parameters
[7.662s] Level 1:colcon.colcon_core.package_discovery:discover_packages(path) check parameters
[7.662s] Level 1:colcon.colcon_core.package_discovery:discover_packages(colcon_meta) discover
[7.662s] Level 1:colcon.colcon_core.package_discovery:discover_packages(recursive) discover
[7.662s] INFO:colcon.colcon_core.package_discovery:Crawling recursively for packages in '/home/yahya/Documents/C-Codes/ROS2/catkin_ws'
[7.663s] Level 1:colcon.colcon_core.package_identification:_identify(.) by extensions ['ignore', 'ignore_ament_install']
[7.663s] Level 1:colcon.colcon_core.package_identification:_identify(.) by extension 'ignore'
[7.663s] Level 1:colcon.colcon_core.package_identification:_identify(.) by extension 'ignore_ament_install'
[7.664s] Level 1:colcon.colcon_core.package_identification:_identify(.) by extensions ['colcon_pkg']
[7.664s] Level 1:colcon.colcon_core.package_identification:_identify(.) by extension 'colcon_pkg'
[7.664s] Level 1:colcon.colcon_core.package_identification:_identify(.) by extensions ['colcon_meta']
[7.664s] Level 1:colcon.colcon_core.package_identification:_identify(.) by extension 'colcon_meta'
[7.664s] Level 1:colcon.colcon_core.package_identification:_identify(.) by extensions ['ros']
[7.665s] Level 1:colcon.colcon_core.package_identification:_identify(.) by extension 'ros'
[7.701s] Level 1:colcon.colcon_core.package_identification:_identify(.) by extensions ['cmake', 'python']
[7.702s] Level 1:colcon.colcon_core.package_identification:_identify(.) by extension 'cmake'
[7.702s] Level 1:colcon.colcon_core.package_identification:_identify(.) by extension 'python'
[7.702s] Level 1:colcon.colcon_core.package_identification:_identify(.) by extensions ['python_setup_py']
[7.702s] Level 1:colcon.colcon_core.package_identification:_identify(.) by extension 'python_setup_py'
[7.702s] Level 1:colcon.colcon_core.package_identification:_identify(build) by extensions ['ignore', 'ignore_ament_install']
[7.703s] Level 1:colcon.colcon_core.package_identification:_identify(build) by extension 'ignore'
[7.703s] Level 1:colcon.colcon_core.package_identification:_identify(build) ignored
[7.703s] Level 1:colcon.colcon_core.package_identification:_identify(install) by extensions ['ignore', 'ignore_ament_install']
[7.703s] Level 1:colcon.colcon_core.package_identification:_identify(install) by extension 'ignore'
[7.703s] Level 1:colcon.colcon_core.package_identification:_identify(install) ignored
[7.704s] Level 1:colcon.colcon_core.package_identification:_identify(log) by extensions ['ignore', 'ignore_ament_install']
[7.704s] Level 1:colcon.colcon_core.package_identification:_identify(log) by extension 'ignore'
[7.704s] Level 1:colcon.colcon_core.package_identification:_identify(log) ignored
[7.704s] Level 1:colcon.colcon_core.package_identification:_identify(src) by extensions ['ignore', 'ignore_ament_install']
[7.704s] Level 1:colcon.colcon_core.package_identification:_identify(src) by extension 'ignore'
[7.704s] Level 1:colcon.colcon_core.package_identification:_identify(src) by extension 'ignore_ament_install'
[7.705s] Level 1:colcon.colcon_core.package_identification:_identify(src) by extensions ['colcon_pkg']
[7.705s] Level 1:colcon.colcon_core.package_identification:_identify(src) by extension 'colcon_pkg'
[7.705s] Level 1:colcon.colcon_core.package_identification:_identify(src) by extensions ['colcon_meta']
[7.705s] Level 1:colcon.colcon_core.package_identification:_identify(src) by extension 'colcon_meta'
[7.705s] Level 1:colcon.colcon_core.package_identification:_identify(src) by extensions ['ros']
[7.705s] Level 1:colcon.colcon_core.package_identification:_identify(src) by extension 'ros'
[7.705s] Level 1:colcon.colcon_core.package_identification:_identify(src) by extensions ['cmake', 'python']
[7.705s] Level 1:colcon.colcon_core.package_identification:_identify(src) by extension 'cmake'
[7.705s] Level 1:colcon.colcon_core.package_identification:_identify(src) by extension 'python'
[7.706s] Level 1:colcon.colcon_core.package_identification:_identify(src) by extensions ['python_setup_py']
[7.706s] Level 1:colcon.colcon_core.package_identification:_identify(src) by extension 'python_setup_py'
[7.706s] Level 1:colcon.colcon_core.package_identification:_identify(src/yahya) by extensions ['ignore', 'ignore_ament_install']
[7.706s] Level 1:colcon.colcon_core.package_identification:_identify(src/yahya) by extension 'ignore'
[7.706s] Level 1:colcon.colcon_core.package_identification:_identify(src/yahya) by extension 'ignore_ament_install'
[7.706s] Level 1:colcon.colcon_core.package_identification:_identify(src/yahya) by extensions ['colcon_pkg']
[7.706s] Level 1:colcon.colcon_core.package_identification:_identify(src/yahya) by extension 'colcon_pkg'
[7.707s] Level 1:colcon.colcon_core.package_identification:_identify(src/yahya) by extensions ['colcon_meta']
[7.707s] Level 1:colcon.colcon_core.package_identification:_identify(src/yahya) by extension 'colcon_meta'
[7.707s] Level 1:colcon.colcon_core.package_identification:_identify(src/yahya) by extensions ['ros']
[7.707s] Level 1:colcon.colcon_core.package_identification:_identify(src/yahya) by extension 'ros'
[7.742s] DEBUG:colcon.colcon_core.package_identification:Package 'src/yahya' with type 'ros.ament_cmake' and name 'yahya'
[7.742s] Level 1:colcon.colcon_core.package_discovery:discover_packages(recursive) using defaults
[7.742s] Level 1:colcon.colcon_core.package_discovery:discover_packages(ignore) discover
[7.742s] Level 1:colcon.colcon_core.package_discovery:discover_packages(ignore) using defaults
[7.742s] Level 1:colcon.colcon_core.package_discovery:discover_packages(path) discover
[7.742s] Level 1:colcon.colcon_core.package_discovery:discover_packages(path) using defaults
[8.265s] Level 1:colcon.colcon_core.package_discovery:discover_packages(prefix_path) check parameters
[8.265s] Level 1:colcon.colcon_core.package_discovery:discover_packages(prefix_path) discover
[8.348s] DEBUG:colcon.colcon_installed_package_information.package_discovery:Found 270 installed packages in /opt/ros/humble
[8.351s] Level 1:colcon.colcon_core.package_discovery:discover_packages(prefix_path) using defaults
[8.526s] Level 5:colcon.colcon_core.verb:set package 'yahya' build argument 'cmake_args' from command line to 'None'
[8.526s] Level 5:colcon.colcon_core.verb:set package 'yahya' build argument 'cmake_target' from command line to 'None'
[8.526s] Level 5:colcon.colcon_core.verb:set package 'yahya' build argument 'cmake_target_skip_unavailable' from command line to 'False'
[8.526s] Level 5:colcon.colcon_core.verb:set package 'yahya' build argument 'cmake_clean_cache' from command line to 'False'
[8.526s] Level 5:colcon.colcon_core.verb:set package 'yahya' build argument 'cmake_clean_first' from command line to 'False'
[8.526s] Level 5:colcon.colcon_core.verb:set package 'yahya' build argument 'cmake_force_configure' from command line to 'False'
[8.526s] Level 5:colcon.colcon_core.verb:set package 'yahya' build argument 'ament_cmake_args' from command line to 'None'
[8.526s] Level 5:colcon.colcon_core.verb:set package 'yahya' build argument 'catkin_cmake_args' from command line to 'None'
[8.526s] Level 5:colcon.colcon_core.verb:set package 'yahya' build argument 'catkin_skip_building_tests' from command line to 'False'
[8.526s] DEBUG:colcon.colcon_core.verb:Building package 'yahya' with the following arguments: {'ament_cmake_args': None, 'build_base': '/home/yahya/Documents/C-Codes/ROS2/catkin_ws/build/yahya', 'catkin_cmake_args': None, 'catkin_skip_building_tests': False, 'cmake_args': None, 'cmake_clean_cache': False, 'cmake_clean_first': False, 'cmake_force_configure': False, 'cmake_target': None, 'cmake_target_skip_unavailable': False, 'install_base': '/home/yahya/Documents/C-Codes/ROS2/catkin_ws/install/yahya', 'merge_install': False, 'path': '/home/yahya/Documents/C-Codes/ROS2/catkin_ws/src/yahya', 'symlink_install': False, 'test_result_base': None}
[8.528s] INFO:colcon.colcon_core.executor:Executing jobs using 'parallel' executor
[8.544s] DEBUG:colcon.colcon_parallel_executor.executor.parallel:run_until_complete
[8.544s] INFO:colcon.colcon_ros.task.ament_cmake.build:Building ROS package in '/home/yahya/Documents/C-Codes/ROS2/catkin_ws/src/yahya' with build type 'ament_cmake'
[8.544s] INFO:colcon.colcon_cmake.task.cmake.build:Building CMake package in '/home/yahya/Documents/C-Codes/ROS2/catkin_ws/src/yahya'
[8.692s] INFO:colcon.colcon_core.plugin_system:Skipping extension 'colcon_core.shell.bat': Not used on non-Windows systems
[8.693s] INFO:colcon.colcon_core.shell:Skip shell extension 'powershell' for command environment: Not usable outside of PowerShell
[8.693s] DEBUG:colcon.colcon_core.shell:Skip shell extension 'dsv' for command environment
[8.711s] DEBUG:colcon.colcon_core.event_handler.log_command:Invoking command in '/home/yahya/Documents/C-Codes/ROS2/catkin_ws/build/yahya': CMAKE_PREFIX_PATH=/opt/ros/humble /usr/bin/cmake /home/yahya/Documents/C-Codes/ROS2/catkin_ws/src/yahya -DCMAKE_INSTALL_PREFIX=/home/yahya/Documents/C-Codes/ROS2/catkin_ws/install/yahya
[12.999s] DEBUG:colcon.colcon_core.event_handler.log_command:Invoked command in '/home/yahya/Documents/C-Codes/ROS2/catkin_ws/build/yahya' returned '0': CMAKE_PREFIX_PATH=/opt/ros/humble /usr/bin/cmake /home/yahya/Documents/C-Codes/ROS2/catkin_ws/src/yahya -DCMAKE_INSTALL_PREFIX=/home/yahya/Documents/C-Codes/ROS2/catkin_ws/install/yahya
[13.006s] DEBUG:colcon.colcon_core.event_handler.log_command:Invoking command in '/home/yahya/Documents/C-Codes/ROS2/catkin_ws/build/yahya': CMAKE_PREFIX_PATH=/opt/ros/humble /usr/bin/cmake --build /home/yahya/Documents/C-Codes/ROS2/catkin_ws/build/yahya -- -j4 -l4
[13.046s] DEBUG:colcon.colcon_core.event_handler.log_command:Invoked command in '/home/yahya/Documents/C-Codes/ROS2/catkin_ws/build/yahya' returned '0': CMAKE_PREFIX_PATH=/opt/ros/humble /usr/bin/cmake --build /home/yahya/Documents/C-Codes/ROS2/catkin_ws/build/yahya -- -j4 -l4
[13.079s] DEBUG:colcon.colcon_core.event_handler.log_command:Invoking command in '/home/yahya/Documents/C-Codes/ROS2/catkin_ws/build/yahya': CMAKE_PREFIX_PATH=/opt/ros/humble /usr/bin/cmake --install /home/yahya/Documents/C-Codes/ROS2/catkin_ws/build/yahya
[13.092s] Level 1:colcon.colcon_core.environment:create_environment_scripts_only(yahya)
[13.094s] DEBUG:colcon.colcon_core.event_handler.log_command:Invoked command in '/home/yahya/Documents/C-Codes/ROS2/catkin_ws/build/yahya' returned '0': CMAKE_PREFIX_PATH=/opt/ros/humble /usr/bin/cmake --install /home/yahya/Documents/C-Codes/ROS2/catkin_ws/build/yahya
[13.391s] Level 1:colcon.colcon_core.environment:checking '/home/yahya/Documents/C-Codes/ROS2/catkin_ws/install/yahya' for CMake module files
[13.394s] Level 1:colcon.colcon_core.environment:checking '/home/yahya/Documents/C-Codes/ROS2/catkin_ws/install/yahya' for CMake config files
[13.395s] Level 1:colcon.colcon_core.shell:create_environment_hook('yahya', 'cmake_prefix_path')
[13.415s] INFO:colcon.colcon_core.shell:Creating environment hook '/home/yahya/Documents/C-Codes/ROS2/catkin_ws/install/yahya/share/yahya/hook/cmake_prefix_path.ps1'
[13.419s] INFO:colcon.colcon_core.shell:Creating environment descriptor '/home/yahya/Documents/C-Codes/ROS2/catkin_ws/install/yahya/share/yahya/hook/cmake_prefix_path.dsv'
[13.429s] INFO:colcon.colcon_core.shell:Creating environment hook '/home/yahya/Documents/C-Codes/ROS2/catkin_ws/install/yahya/share/yahya/hook/cmake_prefix_path.sh'
[13.433s] Level 1:colcon.colcon_core.environment:checking '/home/yahya/Documents/C-Codes/ROS2/catkin_ws/install/yahya/bin'
[13.433s] Level 1:colcon.colcon_core.environment:checking '/home/yahya/Documents/C-Codes/ROS2/catkin_ws/install/yahya/lib/pkgconfig/yahya.pc'
[13.435s] Level 1:colcon.colcon_core.environment:checking '/home/yahya/Documents/C-Codes/ROS2/catkin_ws/install/yahya/lib/python3.10/site-packages'
[13.436s] Level 1:colcon.colcon_core.environment:checking '/home/yahya/Documents/C-Codes/ROS2/catkin_ws/install/yahya/bin'
[13.455s] INFO:colcon.colcon_core.shell:Creating package script '/home/yahya/Documents/C-Codes/ROS2/catkin_ws/install/yahya/share/yahya/package.ps1'
[13.458s] INFO:colcon.colcon_core.shell:Creating package descriptor '/home/yahya/Documents/C-Codes/ROS2/catkin_ws/install/yahya/share/yahya/package.dsv'
[13.460s] INFO:colcon.colcon_core.shell:Creating package script '/home/yahya/Documents/C-Codes/ROS2/catkin_ws/install/yahya/share/yahya/package.sh'
[13.465s] INFO:colcon.colcon_core.shell:Creating package script '/home/yahya/Documents/C-Codes/ROS2/catkin_ws/install/yahya/share/yahya/package.bash'
[13.468s] INFO:colcon.colcon_core.shell:Creating package script '/home/yahya/Documents/C-Codes/ROS2/catkin_ws/install/yahya/share/yahya/package.zsh'
[13.471s] Level 1:colcon.colcon_core.environment:create_file_with_runtime_dependencies(/home/yahya/Documents/C-Codes/ROS2/catkin_ws/install/yahya/share/colcon-core/packages/yahya)
[13.505s] Level 1:colcon.colcon_core.environment:create_environment_scripts_only(yahya)
[13.512s] Level 1:colcon.colcon_core.environment:checking '/home/yahya/Documents/C-Codes/ROS2/catkin_ws/install/yahya' for CMake module files
[13.513s] Level 1:colcon.colcon_core.environment:checking '/home/yahya/Documents/C-Codes/ROS2/catkin_ws/install/yahya' for CMake config files
[13.513s] Level 1:colcon.colcon_core.shell:create_environment_hook('yahya', 'cmake_prefix_path')
[13.519s] INFO:colcon.colcon_core.shell:Creating environment hook '/home/yahya/Documents/C-Codes/ROS2/catkin_ws/install/yahya/share/yahya/hook/cmake_prefix_path.ps1'
[13.519s] INFO:colcon.colcon_core.shell:Creating environment descriptor '/home/yahya/Documents/C-Codes/ROS2/catkin_ws/install/yahya/share/yahya/hook/cmake_prefix_path.dsv'
[13.520s] INFO:colcon.colcon_core.shell:Creating environment hook '/home/yahya/Documents/C-Codes/ROS2/catkin_ws/install/yahya/share/yahya/hook/cmake_prefix_path.sh'
[13.520s] Level 1:colcon.colcon_core.environment:checking '/home/yahya/Documents/C-Codes/ROS2/catkin_ws/install/yahya/bin'
[13.520s] Level 1:colcon.colcon_core.environment:checking '/home/yahya/Documents/C-Codes/ROS2/catkin_ws/install/yahya/lib/pkgconfig/yahya.pc'
[13.521s] Level 1:colcon.colcon_core.environment:checking '/home/yahya/Documents/C-Codes/ROS2/catkin_ws/install/yahya/lib/python3.10/site-packages'
[13.521s] Level 1:colcon.colcon_core.environment:checking '/home/yahya/Documents/C-Codes/ROS2/catkin_ws/install/yahya/bin'
[13.526s] INFO:colcon.colcon_core.shell:Creating package script '/home/yahya/Documents/C-Codes/ROS2/catkin_ws/install/yahya/share/yahya/package.ps1'
[13.527s] INFO:colcon.colcon_core.shell:Creating package descriptor '/home/yahya/Documents/C-Codes/ROS2/catkin_ws/install/yahya/share/yahya/package.dsv'
[13.527s] INFO:colcon.colcon_core.shell:Creating package script '/home/yahya/Documents/C-Codes/ROS2/catkin_ws/install/yahya/share/yahya/package.sh'
[13.528s] INFO:colcon.colcon_core.shell:Creating package script '/home/yahya/Documents/C-Codes/ROS2/catkin_ws/install/yahya/share/yahya/package.bash'
[13.528s] INFO:colcon.colcon_core.shell:Creating package script '/home/yahya/Documents/C-Codes/ROS2/catkin_ws/install/yahya/share/yahya/package.zsh'
[13.529s] Level 1:colcon.colcon_core.environment:create_file_with_runtime_dependencies(/home/yahya/Documents/C-Codes/ROS2/catkin_ws/install/yahya/share/colcon-core/packages/yahya)
[13.529s] DEBUG:colcon.colcon_parallel_executor.executor.parallel:closing loop
[13.529s] DEBUG:colcon.colcon_parallel_executor.executor.parallel:loop closed
[13.529s] DEBUG:colcon.colcon_parallel_executor.executor.parallel:run_until_complete finished with '0'
[13.530s] DEBUG:colcon.colcon_core.event_reactor:joining thread
[13.548s] INFO:colcon.colcon_core.plugin_system:Skipping extension 'colcon_notification.desktop_notification.terminal_notifier': Not used on non-Darwin systems
[13.548s] INFO:colcon.colcon_core.plugin_system:Skipping extension 'colcon_notification.desktop_notification.win32': Not used on non-Windows systems
[13.548s] INFO:colcon.colcon_notification.desktop_notification:Sending desktop notification using 'notify2'
[13.572s] DEBUG:colcon.colcon_core.event_reactor:joined thread
[13.578s] INFO:colcon.colcon_core.shell:Creating prefix script '/home/yahya/Documents/C-Codes/ROS2/catkin_ws/install/local_setup.ps1'
[13.580s] INFO:colcon.colcon_core.shell:Creating prefix util module '/home/yahya/Documents/C-Codes/ROS2/catkin_ws/install/_local_setup_util_ps1.py'
[13.583s] INFO:colcon.colcon_core.shell:Creating prefix chain script '/home/yahya/Documents/C-Codes/ROS2/catkin_ws/install/setup.ps1'
[13.587s] INFO:colcon.colcon_core.shell:Creating prefix script '/home/yahya/Documents/C-Codes/ROS2/catkin_ws/install/local_setup.sh'
[13.589s] INFO:colcon.colcon_core.shell:Creating prefix util module '/home/yahya/Documents/C-Codes/ROS2/catkin_ws/install/_local_setup_util_sh.py'
[13.590s] INFO:colcon.colcon_core.shell:Creating prefix chain script '/home/yahya/Documents/C-Codes/ROS2/catkin_ws/install/setup.sh'
[13.594s] INFO:colcon.colcon_core.shell:Creating prefix script '/home/yahya/Documents/C-Codes/ROS2/catkin_ws/install/local_setup.bash'
[13.595s] INFO:colcon.colcon_core.shell:Creating prefix chain script '/home/yahya/Documents/C-Codes/ROS2/catkin_ws/install/setup.bash'
[13.599s] INFO:colcon.colcon_core.shell:Creating prefix script '/home/yahya/Documents/C-Codes/ROS2/catkin_ws/install/local_setup.zsh'
[13.600s] INFO:colcon.colcon_core.shell:Creating prefix chain script '/home/yahya/Documents/C-Codes/ROS2/catkin_ws/install/setup.zsh'
