[0.538s] DEBUG:colcon:Command line arguments: ['/usr/bin/colcon', 'build']
[0.538s] DEBUG:colcon:Parsed command line arguments: Namespace(log_base=None, log_level=None, verb_name='build', build_base='build', install_base='install', merge_install=False, symlink_install=False, test_result_base=None, continue_on_error=False, executor='parallel', parallel_workers=4, event_handlers=None, ignore_user_meta=False, metas=['./colcon.meta'], base_paths=['.'], packages_ignore=None, packages_ignore_regex=None, paths=None, packages_up_to=None, packages_up_to_regex=None, packages_above=None, packages_above_and_dependencies=None, packages_above_depth=None, packages_select_by_dep=None, packages_skip_by_dep=None, packages_skip_up_to=None, packages_select_build_failed=False, packages_skip_build_finished=False, packages_select_test_failures=False, packages_skip_test_passed=False, packages_select=None, packages_skip=None, packages_select_regex=None, packages_skip_regex=None, packages_start=None, packages_end=None, allow_overriding=[], cmake_args=None, cmake_target=None, cmake_target_skip_unavailable=False, cmake_clean_cache=False, cmake_clean_first=False, cmake_force_configure=False, ament_cmake_args=None, catkin_cmake_args=None, catkin_skip_building_tests=False, verb_parser=<colcon_defaults.argument_parser.defaults.DefaultArgumentsDecorator object at 0x7f35ccc38a00>, verb_extension=<colcon_core.verb.build.BuildVerb object at 0x7f35cd62f820>, main=<bound method BuildVerb.main of <colcon_core.verb.build.BuildVerb object at 0x7f35cd62f820>>)
[0.574s] Level 1:colcon.colcon_core.package_discovery:discover_packages(colcon_meta) check parameters
[0.574s] Level 1:colcon.colcon_core.package_discovery:discover_packages(recursive) check parameters
[0.574s] Level 1:colcon.colcon_core.package_discovery:discover_packages(ignore) check parameters
[0.574s] Level 1:colcon.colcon_core.package_discovery:discover_packages(path) check parameters
[0.574s] Level 1:colcon.colcon_core.package_discovery:discover_packages(colcon_meta) discover
[0.574s] Level 1:colcon.colcon_core.package_discovery:discover_packages(recursive) discover
[0.575s] INFO:colcon.colcon_core.package_discovery:Crawling recursively for packages in '/home/yahya/Documents/C-Codes/ROS2/catkin_ws'
[0.575s] Level 1:colcon.colcon_core.package_identification:_identify(.) by extensions ['ignore', 'ignore_ament_install']
[0.575s] Level 1:colcon.colcon_core.package_identification:_identify(.) by extension 'ignore'
[0.575s] Level 1:colcon.colcon_core.package_identification:_identify(.) by extension 'ignore_ament_install'
[0.575s] Level 1:colcon.colcon_core.package_identification:_identify(.) by extensions ['colcon_pkg']
[0.575s] Level 1:colcon.colcon_core.package_identification:_identify(.) by extension 'colcon_pkg'
[0.575s] Level 1:colcon.colcon_core.package_identification:_identify(.) by extensions ['colcon_meta']
[0.575s] Level 1:colcon.colcon_core.package_identification:_identify(.) by extension 'colcon_meta'
[0.575s] Level 1:colcon.colcon_core.package_identification:_identify(.) by extensions ['ros']
[0.575s] Level 1:colcon.colcon_core.package_identification:_identify(.) by extension 'ros'
[0.591s] Level 1:colcon.colcon_core.package_identification:_identify(.) by extensions ['cmake', 'python']
[0.591s] Level 1:colcon.colcon_core.package_identification:_identify(.) by extension 'cmake'
[0.591s] Level 1:colcon.colcon_core.package_identification:_identify(.) by extension 'python'
[0.591s] Level 1:colcon.colcon_core.package_identification:_identify(.) by extensions ['python_setup_py']
[0.591s] Level 1:colcon.colcon_core.package_identification:_identify(.) by extension 'python_setup_py'
[0.591s] Level 1:colcon.colcon_core.package_identification:_identify(build) by extensions ['ignore', 'ignore_ament_install']
[0.591s] Level 1:colcon.colcon_core.package_identification:_identify(build) by extension 'ignore'
[0.591s] Level 1:colcon.colcon_core.package_identification:_identify(build) ignored
[0.592s] Level 1:colcon.colcon_core.package_identification:_identify(install) by extensions ['ignore', 'ignore_ament_install']
[0.592s] Level 1:colcon.colcon_core.package_identification:_identify(install) by extension 'ignore'
[0.592s] Level 1:colcon.colcon_core.package_identification:_identify(install) ignored
[0.592s] Level 1:colcon.colcon_core.package_identification:_identify(log) by extensions ['ignore', 'ignore_ament_install']
[0.592s] Level 1:colcon.colcon_core.package_identification:_identify(log) by extension 'ignore'
[0.592s] Level 1:colcon.colcon_core.package_identification:_identify(log) ignored
[0.592s] Level 1:colcon.colcon_core.package_identification:_identify(src) by extensions ['ignore', 'ignore_ament_install']
[0.592s] Level 1:colcon.colcon_core.package_identification:_identify(src) by extension 'ignore'
[0.593s] Level 1:colcon.colcon_core.package_identification:_identify(src) by extension 'ignore_ament_install'
[0.593s] Level 1:colcon.colcon_core.package_identification:_identify(src) by extensions ['colcon_pkg']
[0.593s] Level 1:colcon.colcon_core.package_identification:_identify(src) by extension 'colcon_pkg'
[0.593s] Level 1:colcon.colcon_core.package_identification:_identify(src) by extensions ['colcon_meta']
[0.593s] Level 1:colcon.colcon_core.package_identification:_identify(src) by extension 'colcon_meta'
[0.593s] Level 1:colcon.colcon_core.package_identification:_identify(src) by extensions ['ros']
[0.593s] Level 1:colcon.colcon_core.package_identification:_identify(src) by extension 'ros'
[0.593s] Level 1:colcon.colcon_core.package_identification:_identify(src) by extensions ['cmake', 'python']
[0.593s] Level 1:colcon.colcon_core.package_identification:_identify(src) by extension 'cmake'
[0.593s] Level 1:colcon.colcon_core.package_identification:_identify(src) by extension 'python'
[0.593s] Level 1:colcon.colcon_core.package_identification:_identify(src) by extensions ['python_setup_py']
[0.594s] Level 1:colcon.colcon_core.package_identification:_identify(src) by extension 'python_setup_py'
[0.594s] Level 1:colcon.colcon_core.package_identification:_identify(src/yahya) by extensions ['ignore', 'ignore_ament_install']
[0.594s] Level 1:colcon.colcon_core.package_identification:_identify(src/yahya) by extension 'ignore'
[0.594s] Level 1:colcon.colcon_core.package_identification:_identify(src/yahya) by extension 'ignore_ament_install'
[0.594s] Level 1:colcon.colcon_core.package_identification:_identify(src/yahya) by extensions ['colcon_pkg']
[0.594s] Level 1:colcon.colcon_core.package_identification:_identify(src/yahya) by extension 'colcon_pkg'
[0.594s] Level 1:colcon.colcon_core.package_identification:_identify(src/yahya) by extensions ['colcon_meta']
[0.594s] Level 1:colcon.colcon_core.package_identification:_identify(src/yahya) by extension 'colcon_meta'
[0.594s] Level 1:colcon.colcon_core.package_identification:_identify(src/yahya) by extensions ['ros']
[0.594s] Level 1:colcon.colcon_core.package_identification:_identify(src/yahya) by extension 'ros'
[0.597s] DEBUG:colcon.colcon_core.package_identification:Package 'src/yahya' with type 'ros.ament_cmake' and name 'yahya'
[0.597s] Level 1:colcon.colcon_core.package_discovery:discover_packages(recursive) using defaults
[0.598s] Level 1:colcon.colcon_core.package_discovery:discover_packages(ignore) discover
[0.598s] Level 1:colcon.colcon_core.package_discovery:discover_packages(ignore) using defaults
[0.598s] Level 1:colcon.colcon_core.package_discovery:discover_packages(path) discover
[0.598s] Level 1:colcon.colcon_core.package_discovery:discover_packages(path) using defaults
[0.638s] Level 1:colcon.colcon_core.package_discovery:discover_packages(prefix_path) check parameters
[0.638s] Level 1:colcon.colcon_core.package_discovery:discover_packages(prefix_path) discover
[0.644s] DEBUG:colcon.colcon_installed_package_information.package_discovery:Found 270 installed packages in /opt/ros/humble
[0.647s] Level 1:colcon.colcon_core.package_discovery:discover_packages(prefix_path) using defaults
[0.734s] Level 5:colcon.colcon_core.verb:set package 'yahya' build argument 'cmake_args' from command line to 'None'
[0.734s] Level 5:colcon.colcon_core.verb:set package 'yahya' build argument 'cmake_target' from command line to 'None'
[0.734s] Level 5:colcon.colcon_core.verb:set package 'yahya' build argument 'cmake_target_skip_unavailable' from command line to 'False'
[0.734s] Level 5:colcon.colcon_core.verb:set package 'yahya' build argument 'cmake_clean_cache' from command line to 'False'
[0.734s] Level 5:colcon.colcon_core.verb:set package 'yahya' build argument 'cmake_clean_first' from command line to 'False'
[0.734s] Level 5:colcon.colcon_core.verb:set package 'yahya' build argument 'cmake_force_configure' from command line to 'False'
[0.734s] Level 5:colcon.colcon_core.verb:set package 'yahya' build argument 'ament_cmake_args' from command line to 'None'
[0.735s] Level 5:colcon.colcon_core.verb:set package 'yahya' build argument 'catkin_cmake_args' from command line to 'None'
[0.735s] Level 5:colcon.colcon_core.verb:set package 'yahya' build argument 'catkin_skip_building_tests' from command line to 'False'
[0.735s] DEBUG:colcon.colcon_core.verb:Building package 'yahya' with the following arguments: {'ament_cmake_args': None, 'build_base': '/home/yahya/Documents/C-Codes/ROS2/catkin_ws/build/yahya', 'catkin_cmake_args': None, 'catkin_skip_building_tests': False, 'cmake_args': None, 'cmake_clean_cache': False, 'cmake_clean_first': False, 'cmake_force_configure': False, 'cmake_target': None, 'cmake_target_skip_unavailable': False, 'install_base': '/home/yahya/Documents/C-Codes/ROS2/catkin_ws/install/yahya', 'merge_install': False, 'path': '/home/yahya/Documents/C-Codes/ROS2/catkin_ws/src/yahya', 'symlink_install': False, 'test_result_base': None}
[0.737s] INFO:colcon.colcon_core.executor:Executing jobs using 'parallel' executor
[0.752s] DEBUG:colcon.colcon_parallel_executor.executor.parallel:run_until_complete
[0.752s] INFO:colcon.colcon_ros.task.ament_cmake.build:Building ROS package in '/home/yahya/Documents/C-Codes/ROS2/catkin_ws/src/yahya' with build type 'ament_cmake'
[0.752s] INFO:colcon.colcon_cmake.task.cmake.build:Building CMake package in '/home/yahya/Documents/C-Codes/ROS2/catkin_ws/src/yahya'
[0.765s] INFO:colcon.colcon_core.plugin_system:Skipping extension 'colcon_core.shell.bat': Not used on non-Windows systems
[0.765s] INFO:colcon.colcon_core.shell:Skip shell extension 'powershell' for command environment: Not usable outside of PowerShell
[0.766s] DEBUG:colcon.colcon_core.shell:Skip shell extension 'dsv' for command environment
[0.785s] DEBUG:colcon.colcon_core.event_handler.log_command:Invoking command in '/home/yahya/Documents/C-Codes/ROS2/catkin_ws/build/yahya': CMAKE_PREFIX_PATH=/opt/ros/humble /usr/bin/cmake --build /home/yahya/Documents/C-Codes/ROS2/catkin_ws/build/yahya -- -j4 -l4
[1.124s] DEBUG:colcon.colcon_core.event_handler.log_command:Invoked command in '/home/yahya/Documents/C-Codes/ROS2/catkin_ws/build/yahya' returned '0': CMAKE_PREFIX_PATH=/opt/ros/humble /usr/bin/cmake --build /home/yahya/Documents/C-Codes/ROS2/catkin_ws/build/yahya -- -j4 -l4
[1.156s] DEBUG:colcon.colcon_core.event_handler.log_command:Invoking command in '/home/yahya/Documents/C-Codes/ROS2/catkin_ws/build/yahya': CMAKE_PREFIX_PATH=/opt/ros/humble /usr/bin/cmake --install /home/yahya/Documents/C-Codes/ROS2/catkin_ws/build/yahya
[1.171s] Level 1:colcon.colcon_core.environment:create_environment_scripts_only(yahya)
[1.173s] DEBUG:colcon.colcon_core.event_handler.log_command:Invoked command in '/home/yahya/Documents/C-Codes/ROS2/catkin_ws/build/yahya' returned '0': CMAKE_PREFIX_PATH=/opt/ros/humble /usr/bin/cmake --install /home/yahya/Documents/C-Codes/ROS2/catkin_ws/build/yahya
[1.184s] Level 1:colcon.colcon_core.environment:checking '/home/yahya/Documents/C-Codes/ROS2/catkin_ws/install/yahya' for CMake module files
[1.185s] Level 1:colcon.colcon_core.environment:checking '/home/yahya/Documents/C-Codes/ROS2/catkin_ws/install/yahya' for CMake config files
[1.185s] Level 1:colcon.colcon_core.shell:create_environment_hook('yahya', 'cmake_prefix_path')
[1.190s] INFO:colcon.colcon_core.shell:Creating environment hook '/home/yahya/Documents/C-Codes/ROS2/catkin_ws/install/yahya/share/yahya/hook/cmake_prefix_path.ps1'
[1.191s] INFO:colcon.colcon_core.shell:Creating environment descriptor '/home/yahya/Documents/C-Codes/ROS2/catkin_ws/install/yahya/share/yahya/hook/cmake_prefix_path.dsv'
[1.192s] INFO:colcon.colcon_core.shell:Creating environment hook '/home/yahya/Documents/C-Codes/ROS2/catkin_ws/install/yahya/share/yahya/hook/cmake_prefix_path.sh'
[1.193s] Level 1:colcon.colcon_core.environment:checking '/home/yahya/Documents/C-Codes/ROS2/catkin_ws/install/yahya/bin'
[1.193s] Level 1:colcon.colcon_core.environment:checking '/home/yahya/Documents/C-Codes/ROS2/catkin_ws/install/yahya/lib/pkgconfig/yahya.pc'
[1.193s] Level 1:colcon.colcon_core.environment:checking '/home/yahya/Documents/C-Codes/ROS2/catkin_ws/install/yahya/lib/python3.10/site-packages'
[1.193s] Level 1:colcon.colcon_core.environment:checking '/home/yahya/Documents/C-Codes/ROS2/catkin_ws/install/yahya/bin'
[1.199s] INFO:colcon.colcon_core.shell:Creating package script '/home/yahya/Documents/C-Codes/ROS2/catkin_ws/install/yahya/share/yahya/package.ps1'
[1.200s] INFO:colcon.colcon_core.shell:Creating package descriptor '/home/yahya/Documents/C-Codes/ROS2/catkin_ws/install/yahya/share/yahya/package.dsv'
[1.201s] INFO:colcon.colcon_core.shell:Creating package script '/home/yahya/Documents/C-Codes/ROS2/catkin_ws/install/yahya/share/yahya/package.sh'
[1.203s] INFO:colcon.colcon_core.shell:Creating package script '/home/yahya/Documents/C-Codes/ROS2/catkin_ws/install/yahya/share/yahya/package.bash'
[1.205s] INFO:colcon.colcon_core.shell:Creating package script '/home/yahya/Documents/C-Codes/ROS2/catkin_ws/install/yahya/share/yahya/package.zsh'
[1.206s] Level 1:colcon.colcon_core.environment:create_file_with_runtime_dependencies(/home/yahya/Documents/C-Codes/ROS2/catkin_ws/install/yahya/share/colcon-core/packages/yahya)
[1.235s] Level 1:colcon.colcon_core.environment:create_environment_scripts_only(yahya)
[1.247s] Level 1:colcon.colcon_core.environment:checking '/home/yahya/Documents/C-Codes/ROS2/catkin_ws/install/yahya' for CMake module files
[1.247s] Level 1:colcon.colcon_core.environment:checking '/home/yahya/Documents/C-Codes/ROS2/catkin_ws/install/yahya' for CMake config files
[1.248s] Level 1:colcon.colcon_core.shell:create_environment_hook('yahya', 'cmake_prefix_path')
[1.253s] INFO:colcon.colcon_core.shell:Creating environment hook '/home/yahya/Documents/C-Codes/ROS2/catkin_ws/install/yahya/share/yahya/hook/cmake_prefix_path.ps1'
[1.254s] INFO:colcon.colcon_core.shell:Creating environment descriptor '/home/yahya/Documents/C-Codes/ROS2/catkin_ws/install/yahya/share/yahya/hook/cmake_prefix_path.dsv'
[1.254s] INFO:colcon.colcon_core.shell:Creating environment hook '/home/yahya/Documents/C-Codes/ROS2/catkin_ws/install/yahya/share/yahya/hook/cmake_prefix_path.sh'
[1.255s] Level 1:colcon.colcon_core.environment:checking '/home/yahya/Documents/C-Codes/ROS2/catkin_ws/install/yahya/bin'
[1.255s] Level 1:colcon.colcon_core.environment:checking '/home/yahya/Documents/C-Codes/ROS2/catkin_ws/install/yahya/lib/pkgconfig/yahya.pc'
[1.255s] Level 1:colcon.colcon_core.environment:checking '/home/yahya/Documents/C-Codes/ROS2/catkin_ws/install/yahya/lib/python3.10/site-packages'
[1.256s] Level 1:colcon.colcon_core.environment:checking '/home/yahya/Documents/C-Codes/ROS2/catkin_ws/install/yahya/bin'
[1.264s] INFO:colcon.colcon_core.shell:Creating package script '/home/yahya/Documents/C-Codes/ROS2/catkin_ws/install/yahya/share/yahya/package.ps1'
[1.265s] INFO:colcon.colcon_core.shell:Creating package descriptor '/home/yahya/Documents/C-Codes/ROS2/catkin_ws/install/yahya/share/yahya/package.dsv'
[1.265s] INFO:colcon.colcon_core.shell:Creating package script '/home/yahya/Documents/C-Codes/ROS2/catkin_ws/install/yahya/share/yahya/package.sh'
[1.266s] INFO:colcon.colcon_core.shell:Creating package script '/home/yahya/Documents/C-Codes/ROS2/catkin_ws/install/yahya/share/yahya/package.bash'
[1.266s] INFO:colcon.colcon_core.shell:Creating package script '/home/yahya/Documents/C-Codes/ROS2/catkin_ws/install/yahya/share/yahya/package.zsh'
[1.267s] Level 1:colcon.colcon_core.environment:create_file_with_runtime_dependencies(/home/yahya/Documents/C-Codes/ROS2/catkin_ws/install/yahya/share/colcon-core/packages/yahya)
[1.267s] DEBUG:colcon.colcon_parallel_executor.executor.parallel:closing loop
[1.268s] DEBUG:colcon.colcon_parallel_executor.executor.parallel:loop closed
[1.268s] DEBUG:colcon.colcon_parallel_executor.executor.parallel:run_until_complete finished with '0'
[1.268s] DEBUG:colcon.colcon_core.event_reactor:joining thread
[1.284s] INFO:colcon.colcon_core.plugin_system:Skipping extension 'colcon_notification.desktop_notification.terminal_notifier': Not used on non-Darwin systems
[1.284s] INFO:colcon.colcon_core.plugin_system:Skipping extension 'colcon_notification.desktop_notification.win32': Not used on non-Windows systems
[1.284s] INFO:colcon.colcon_notification.desktop_notification:Sending desktop notification using 'notify2'
[1.305s] DEBUG:colcon.colcon_core.event_reactor:joined thread
[1.312s] INFO:colcon.colcon_core.shell:Creating prefix script '/home/yahya/Documents/C-Codes/ROS2/catkin_ws/install/local_setup.ps1'
[1.313s] INFO:colcon.colcon_core.shell:Creating prefix util module '/home/yahya/Documents/C-Codes/ROS2/catkin_ws/install/_local_setup_util_ps1.py'
[1.315s] INFO:colcon.colcon_core.shell:Creating prefix chain script '/home/yahya/Documents/C-Codes/ROS2/catkin_ws/install/setup.ps1'
[1.318s] INFO:colcon.colcon_core.shell:Creating prefix script '/home/yahya/Documents/C-Codes/ROS2/catkin_ws/install/local_setup.sh'
[1.318s] INFO:colcon.colcon_core.shell:Creating prefix util module '/home/yahya/Documents/C-Codes/ROS2/catkin_ws/install/_local_setup_util_sh.py'
[1.319s] INFO:colcon.colcon_core.shell:Creating prefix chain script '/home/yahya/Documents/C-Codes/ROS2/catkin_ws/install/setup.sh'
[1.321s] INFO:colcon.colcon_core.shell:Creating prefix script '/home/yahya/Documents/C-Codes/ROS2/catkin_ws/install/local_setup.bash'
[1.322s] INFO:colcon.colcon_core.shell:Creating prefix chain script '/home/yahya/Documents/C-Codes/ROS2/catkin_ws/install/setup.bash'
[1.325s] INFO:colcon.colcon_core.shell:Creating prefix script '/home/yahya/Documents/C-Codes/ROS2/catkin_ws/install/local_setup.zsh'
[1.325s] INFO:colcon.colcon_core.shell:Creating prefix chain script '/home/yahya/Documents/C-Codes/ROS2/catkin_ws/install/setup.zsh'
