[0.025s] Invoking command in '/home/yahya/Documents/C-Codes/ROS2/catkin_ws/build/yahya': CMAKE_PREFIX_PATH=/opt/ros/humble /usr/bin/cmake --build /home/yahya/Documents/C-Codes/ROS2/catkin_ws/build/yahya -- -j4 -l4
[0.056s] -- Found ament_cmake: 1.3.2 (/opt/ros/humble/share/ament_cmake/cmake)
[0.251s] -- Found rclcpp: 16.0.1 (/opt/ros/humble/share/rclcpp/cmake)
[0.294s] -- Found rosidl_generator_c: 3.1.3 (/opt/ros/humble/share/rosidl_generator_c/cmake)
[0.298s] -- Found rosidl_adapter: 3.1.3 (/opt/ros/humble/share/rosidl_adapter/cmake)
[0.311s] -- Found rosidl_generator_cpp: 3.1.3 (/opt/ros/humble/share/rosidl_generator_cpp/cmake)
[0.329s] -- Using all available rosidl_typesupport_c: rosidl_typesupport_fastrtps_c;rosidl_typesupport_introspection_c
[0.353s] -- Using all available rosidl_typesupport_cpp: rosidl_typesupport_fastrtps_cpp;rosidl_typesupport_introspection_cpp
[0.449s] -- Found rmw_implementation_cmake: 6.1.0 (/opt/ros/humble/share/rmw_implementation_cmake/cmake)
[0.452s] -- Found rmw_fastrtps_cpp: 6.2.1 (/opt/ros/humble/share/rmw_fastrtps_cpp/cmake)
[0.635s] -- Using RMW implementation 'rmw_fastrtps_cpp' as default
[0.885s] -- Found ament_lint_auto: 0.12.4 (/opt/ros/humble/share/ament_lint_auto/cmake)
[0.981s] -- Added test 'cppcheck' to perform static code analysis on C / C++ code
[0.981s] -- Configured cppcheck include dirs: 
[0.981s] -- Configured cppcheck exclude dirs and/or files: 
[0.981s] -- Added test 'lint_cmake' to check CMake code style
[0.983s] -- Added test 'uncrustify' to check C / C++ code style
[0.983s] -- Configured uncrustify additional arguments: 
[0.983s] -- Added test 'xmllint' to check XML markup files
[0.984s] -- Configuring done
[1.002s] -- Generating done
[1.006s] -- Build files have been written to: /home/yahya/Documents/C-Codes/ROS2/catkin_ws/build/yahya
[1.047s] [ 50%] [32mBuilding CXX object CMakeFiles/talker.dir/src/say_hello.cpp.o[0m
[1.047s] [ 50%] [32mBuilding CXX object CMakeFiles/listener.dir/src/listen_hello.cpp.o[0m
[11.646s] [ 75%] [32m[1mLinking CXX executable talker[0m
[12.310s] [ 75%] Built target talker
[17.711s] [100%] [32m[1mLinking CXX executable listener[0m
[18.288s] [100%] Built target listener
[18.301s] Invoked command in '/home/yahya/Documents/C-Codes/ROS2/catkin_ws/build/yahya' returned '0': CMAKE_PREFIX_PATH=/opt/ros/humble /usr/bin/cmake --build /home/yahya/Documents/C-Codes/ROS2/catkin_ws/build/yahya -- -j4 -l4
[18.338s] Invoking command in '/home/yahya/Documents/C-Codes/ROS2/catkin_ws/build/yahya': CMAKE_PREFIX_PATH=/opt/ros/humble /usr/bin/cmake --install /home/yahya/Documents/C-Codes/ROS2/catkin_ws/build/yahya
[18.346s] -- Install configuration: ""
[18.346s] -- Installing: /home/yahya/Documents/C-Codes/ROS2/catkin_ws/install/yahya/lib/yahya/talker
[18.348s] -- Set runtime path of "/home/yahya/Documents/C-Codes/ROS2/catkin_ws/install/yahya/lib/yahya/talker" to ""
[18.348s] -- Installing: /home/yahya/Documents/C-Codes/ROS2/catkin_ws/install/yahya/lib/yahya/listener
[18.353s] -- Set runtime path of "/home/yahya/Documents/C-Codes/ROS2/catkin_ws/install/yahya/lib/yahya/listener" to ""
[18.354s] -- Up-to-date: /home/yahya/Documents/C-Codes/ROS2/catkin_ws/install/yahya/share/ament_index/resource_index/package_run_dependencies/yahya
[18.354s] -- Up-to-date: /home/yahya/Documents/C-Codes/ROS2/catkin_ws/install/yahya/share/ament_index/resource_index/parent_prefix_path/yahya
[18.354s] -- Up-to-date: /home/yahya/Documents/C-Codes/ROS2/catkin_ws/install/yahya/share/yahya/environment/ament_prefix_path.sh
[18.354s] -- Installing: /home/yahya/Documents/C-Codes/ROS2/catkin_ws/install/yahya/share/yahya/environment/ament_prefix_path.dsv
[18.355s] -- Up-to-date: /home/yahya/Documents/C-Codes/ROS2/catkin_ws/install/yahya/share/yahya/environment/path.sh
[18.355s] -- Installing: /home/yahya/Documents/C-Codes/ROS2/catkin_ws/install/yahya/share/yahya/environment/path.dsv
[18.355s] -- Up-to-date: /home/yahya/Documents/C-Codes/ROS2/catkin_ws/install/yahya/share/yahya/local_setup.bash
[18.355s] -- Up-to-date: /home/yahya/Documents/C-Codes/ROS2/catkin_ws/install/yahya/share/yahya/local_setup.sh
[18.356s] -- Up-to-date: /home/yahya/Documents/C-Codes/ROS2/catkin_ws/install/yahya/share/yahya/local_setup.zsh
[18.356s] -- Installing: /home/yahya/Documents/C-Codes/ROS2/catkin_ws/install/yahya/share/yahya/local_setup.dsv
[18.356s] -- Installing: /home/yahya/Documents/C-Codes/ROS2/catkin_ws/install/yahya/share/yahya/package.dsv
[18.356s] -- Up-to-date: /home/yahya/Documents/C-Codes/ROS2/catkin_ws/install/yahya/share/ament_index/resource_index/packages/yahya
[18.356s] -- Up-to-date: /home/yahya/Documents/C-Codes/ROS2/catkin_ws/install/yahya/share/yahya/cmake/yahyaConfig.cmake
[18.357s] -- Up-to-date: /home/yahya/Documents/C-Codes/ROS2/catkin_ws/install/yahya/share/yahya/cmake/yahyaConfig-version.cmake
[18.357s] -- Up-to-date: /home/yahya/Documents/C-Codes/ROS2/catkin_ws/install/yahya/share/yahya/package.xml
[18.359s] Invoked command in '/home/yahya/Documents/C-Codes/ROS2/catkin_ws/build/yahya' returned '0': CMAKE_PREFIX_PATH=/opt/ros/humble /usr/bin/cmake --install /home/yahya/Documents/C-Codes/ROS2/catkin_ws/build/yahya
